{"numTotalTestSuites":24,"numPassedTestSuites":24,"numFailedTestSuites":0,"numPendingTestSuites":0,"numTotalTests":54,"numPassedTests":54,"numFailedTests":0,"numPendingTests":0,"numTodoTests":0,"snapshot":{"added":0,"failure":false,"filesAdded":0,"filesRemoved":0,"filesRemovedList":[],"filesUnmatched":0,"filesUpdated":0,"matched":0,"total":0,"unchecked":0,"uncheckedKeysByFile":[],"unmatched":0,"updated":0,"didUpdate":false},"startTime":1789407376820,"success":true,"testResults":[{"assertionResults":[{"ancestorTitles":["the confirmation"],"fullName":"the confirmation accepts the word, trimmed and in any case","status":"passed","title":"accepts the word, trimmed and in any case","duration":0.9876999999999896,"failureMessages":[],"meta":{},"tags":[]},{"ancestorTitles":["the confirmation"],"fullName":"the confirmation accepts nothing else — not empty, not nearly","status":"passed","title":"accepts nothing else — not empty, not nearly","duration":0.21180000000001087,"failureMessages":[],"meta":{},"tags":[]},{"ancestorTitles":["deleteAccount"],"fullName":"deleteAccount resolves only on 204","status":"passed","title":"resolves only on 204","duration":12.988,"failureMessages":[],"meta":{},"tags":[]},{"ancestorTitles":["deleteAccount"],"fullName":"deleteAccount sends a DELETE to /v1/me with the token and no body","status":"passed","title":"sends a DELETE to /v1/me with the token and no body","duration":0.2697000000000003,"failureMessages":[],"meta":{},"tags":[]},{"ancestorTitles":["deleteAccount"],"fullName":"deleteAccount rejects on a 503 and carries the server’s \"nothing changed\" message","status":"passed","title":"rejects on a 503 and carries the server’s \"nothing changed\" message","duration":1.5267999999999802,"failureMessages":[],"meta":{},"tags":[]},{"ancestorTitles":["deleteAccount"],"fullName":"deleteAccount rejects on a 502 — the half-done case the user has to be told about","status":"passed","title":"rejects on a 502 — the half-done case the user has to be told about","duration":0.43940000000000623,"failureMessages":[],"meta":{},"tags":[]},{"ancestorTitles":["deleteAccount"],"fullName":"deleteAccount rejects rather than resolving when the body is not JSON","status":"passed","title":"rejects rather than resolving when the body is not JSON","duration":0.2553000000000054,"failureMessages":[],"meta":{},"tags":[]},{"ancestorTitles":["deleteAccount"],"fullName":"deleteAccount rejects without calling the server when there is no session","status":"passed","title":"rejects without calling the server when there is no session","duration":0.9309000000000083,"failureMessages":[],"meta":{},"tags":[]}],"startTime":1789407377038,"endTime":1789407377055.931,"status":"passed","message":"","name":"C:/Github/ledger/apps/web/test/account.test.ts"},{"assertionResults":[{"ancestorTitles":["the resolve screen"],"fullName":"the resolve screen asks the question","status":"passed","title":"asks the question","duration":0.8581999999999823,"failureMessages":[],"meta":{},"tags":[]},{"ancestorTitles":["the resolve screen"],"fullName":"the resolve screen shows none of the theory words","status":"passed","title":"shows none of the theory words","duration":0.5301999999999794,"failureMessages":[],"meta":{},"tags":[]},{"ancestorTitles":["the resolve screen"],"fullName":"the resolve screen asks it in the proposal’s words, and says what zero and a hundred mean","status":"passed","title":"asks it in the proposal’s words, and says what zero and a hundred mean","duration":0.2699000000000069,"failureMessages":[],"meta":{},"tags":[]},{"ancestorTitles":["the resolve screen"],"fullName":"the resolve screen reproduces no item from a published instrument","status":"passed","title":"reproduces no item from a published instrument","duration":0.177599999999984,"failureMessages":[],"meta":{},"tags":[]},{"ancestorTitles":["every client screen"],"fullName":"every client screen shows none of the theory words","status":"passed","title":"shows none of the theory words","duration":0.9379000000000133,"failureMessages":[],"meta":{},"tags":[]},{"ancestorTitles":["every client screen"],"fullName":"every client screen has no streak, badge, or progress mechanic","status":"passed","title":"has no streak, badge, or progress mechanic","duration":0.740399999999994,"failureMessages":[],"meta":{},"tags":[]},{"ancestorTitles":["every client screen"],"fullName":"every client screen would notice a theory word if one were added","status":"passed","title":"would notice a theory word if one were added","duration":0.2008999999999901,"failureMessages":[],"meta":{},"tags":[]}],"startTime":1789407377050,"endTime":1789407377054.201,"status":"passed","message":"","name":"C:/Github/ledger/apps/web/test/copy.test.ts"},{"assertionResults":[{"ancestorTitles":["last-write-wins guard"],"fullName":"last-write-wins guard rejects an older doc and keeps the newer one","status":"passed","title":"rejects an older doc and keeps the newer one","duration":5.087499999999977,"failureMessages":[],"meta":{},"tags":[]},{"ancestorTitles":["last-write-wins guard"],"fullName":"last-write-wins guard accepts a newer doc","status":"passed","title":"accepts a newer doc","duration":1.1526000000000067,"failureMessages":[],"meta":{},"tags":[]},{"ancestorTitles":["last-write-wins guard"],"fullName":"last-write-wins guard accepts an equal timestamp, as `>=` did in SQL","status":"passed","title":"accepts an equal timestamp, as `>=` did in SQL","duration":0.647199999999998,"failureMessages":[],"meta":{},"tags":[]},{"ancestorTitles":["last-write-wins guard"],"fullName":"last-write-wins guard queues the row even when the guard refuses the write","status":"passed","title":"queues the row even when the guard refuses the write","duration":1.238900000000001,"failureMessages":[],"meta":{},"tags":[]},{"ancestorTitles":["clearOutbox"],"fullName":"clearOutbox leaves a re-queued newer version in the outbox","status":"passed","title":"leaves a re-queued newer version in the outbox","duration":17.595200000000006,"failureMessages":[],"meta":{},"tags":[]},{"ancestorTitles":["clearOutbox"],"fullName":"clearOutbox clears a row that was not touched during the request","status":"passed","title":"clears a row that was not touched during the request","duration":0.8003999999999962,"failureMessages":[],"meta":{},"tags":[]},{"ancestorTitles":["pendingKeys"],"fullName":"pendingKeys includes rows re-queued during a request, so the pull cannot clobber them","status":"passed","title":"includes rows re-queued during a request, so the pull cannot clobber them","duration":13.924000000000007,"failureMessages":[],"meta":{},"tags":[]},{"ancestorTitles":["pendingKeys"],"fullName":"pendingKeys excludes rows whose pushed version was cleared and not re-queued","status":"passed","title":"excludes rows whose pushed version was cleared and not re-queued","duration":0.6847000000000207,"failureMessages":[],"meta":{},"tags":[]},{"ancestorTitles":["forcePutReinterpretation"],"fullName":"forcePutReinterpretation overwrites a newer local edit, which is what an append_only revert needs","status":"passed","title":"overwrites a newer local edit, which is what an append_only revert needs","duration":1.5194999999999936,"failureMessages":[],"meta":{},"tags":[]},{"ancestorTitles":["forcePutReinterpretation"],"fullName":"forcePutReinterpretation leaves the server copy in place","status":"passed","title":"leaves the server copy in place","duration":2.646800000000013,"failureMessages":[],"meta":{},"tags":[]},{"ancestorTitles":["reads"],"fullName":"reads openPredictions excludes resolved, abandoned and deleted","status":"passed","title":"openPredictions excludes resolved, abandoned and deleted","duration":1.1233000000000004,"failureMessages":[],"meta":{},"tags":[]},{"ancestorTitles":["reads"],"fullName":"reads orders newest first","status":"passed","title":"orders newest first","duration":0.4449000000000183,"failureMessages":[],"meta":{},"tags":[]},{"ancestorTitles":["outbox housekeeping"],"fullName":"outbox housekeeping reports the oldest queued_at for the stale-outbox notice","status":"passed","title":"reports the oldest queued_at for the stale-outbox notice","duration":0.4253999999999678,"failureMessages":[],"meta":{},"tags":[]},{"ancestorTitles":["outbox housekeeping"],"fullName":"outbox housekeeping wipeAll clears entries, the outbox and meta","status":"passed","title":"wipeAll clears entries, the outbox and meta","duration":0.6433000000000106,"failureMessages":[],"meta":{},"tags":[]}],"startTime":1789407377053,"endTime":1789407377101.6433,"status":"passed","message":"","name":"C:/Github/ledger/apps/web/test/db.test.ts"},{"assertionResults":[{"ancestorTitles":["captureToken"],"fullName":"captureToken reads the token out of the fragment","status":"passed","title":"reads the token out of the fragment","duration":1.4723999999999933,"failureMessages":[],"meta":{},"tags":[]},{"ancestorTitles":["captureToken"],"fullName":"captureToken clears the fragment from the address bar, and from history","status":"passed","title":"clears the fragment from the address bar, and from history","duration":0.3716000000000008,"failureMessages":[],"meta":{},"tags":[]},{"ancestorTitles":["captureToken"],"fullName":"captureToken keeps answering after the fragment is gone","status":"passed","title":"keeps answering after the fragment is gone","duration":0.2032000000000096,"failureMessages":[],"meta":{},"tags":[]},{"ancestorTitles":["captureToken"],"fullName":"captureToken decodes a percent-encoded fragment","status":"passed","title":"decodes a percent-encoded fragment","duration":0.1285000000000025,"failureMessages":[],"meta":{},"tags":[]},{"ancestorTitles":["captureToken"],"fullName":"captureToken returns null when there is no fragment","status":"passed","title":"returns null when there is no fragment","duration":0.13489999999998759,"failureMessages":[],"meta":{},"tags":[]},{"ancestorTitles":["captureToken"],"fullName":"captureToken treats a bare # as no token","status":"passed","title":"treats a bare # as no token","duration":0.0969000000000051,"failureMessages":[],"meta":{},"tags":[]},{"ancestorTitles":["captureToken"],"fullName":"captureToken preserves a query string when it rewrites the URL","status":"passed","title":"preserves a query string when it rewrites the URL","duration":0.10620000000000118,"failureMessages":[],"meta":{},"tags":[]},{"ancestorTitles":["the token is never persisted"],"fullName":"the token is never persisted writes to no browser storage","status":"passed","title":"writes to no browser storage","duration":0.4422000000000139,"failureMessages":[],"meta":{},"tags":[]},{"ancestorTitles":["the token is never persisted"],"fullName":"the token is never persisted is forgotten on clear","status":"passed","title":"is forgotten on clear","duration":0.14410000000000878,"failureMessages":[],"meta":{},"tags":[]}],"startTime":1789407377041,"endTime":1789407377044.4421,"status":"passed","message":"","name":"C:/Github/ledger/apps/web/test/join-token.test.ts"},{"assertionResults":[{"ancestorTitles":["a cold start at a deep link, as the cached shell delivers it"],"fullName":"a cold start at a deep link, as the cached shell delivers it selects the right route for every path in the table","status":"passed","title":"selects the right route for every path in the table","duration":2.0193000000000154,"failureMessages":[],"meta":{},"tags":[]},{"ancestorTitles":["a cold start at a deep link, as the cached shell delivers it"],"fullName":"a cold start at a deep link, as the cached shell delivers it renders each one on the first pass","status":"passed","title":"renders each one on the first pass","duration":5.706400000000002,"failureMessages":[],"meta":{},"tags":[]},{"ancestorTitles":["a cold start at a deep link, as the cached shell delivers it"],"fullName":"a cold start at a deep link, as the cached shell delivers it extracts the id from /resolve/:id","status":"passed","title":"extracts the id from /resolve/:id","duration":0.40280000000001337,"failureMessages":[],"meta":{},"tags":[]},{"ancestorTitles":["a cold start at a deep link, as the cached shell delivers it"],"fullName":"a cold start at a deep link, as the cached shell delivers it sends an unknown path to the catch-all rather than nothing","status":"passed","title":"sends an unknown path to the catch-all rather than nothing","duration":0.20709999999999695,"failureMessages":[],"meta":{},"tags":[]},{"ancestorTitles":["a URL fragment survives the first load"],"fullName":"a URL fragment survives the first load keeps the fragment on /join and leaves the pathname clean","status":"passed","title":"keeps the fragment on /join and leaves the pathname clean","duration":0.39850000000001273,"failureMessages":[],"meta":{},"tags":[]},{"ancestorTitles":["a URL fragment survives the first load"],"fullName":"a URL fragment survives the first load keeps a fragment and a query string apart","status":"passed","title":"keeps a fragment and a query string apart","duration":0.3632999999999811,"failureMessages":[],"meta":{},"tags":[]},{"ancestorTitles":["a URL fragment survives the first load"],"fullName":"a URL fragment survives the first load does not treat a # inside the fragment as a new one","status":"passed","title":"does not treat a # inside the fragment as a new one","duration":0.33600000000001273,"failureMessages":[],"meta":{},"tags":[]},{"ancestorTitles":["a URL fragment survives the first load"],"fullName":"a URL fragment survives the first load does not let a fragment change which route matches","status":"passed","title":"does not let a fragment change which route matches","duration":0.43829999999999814,"failureMessages":[],"meta":{},"tags":[]}],"startTime":1789407377073,"endTime":1789407377083.4382,"status":"passed","message":"","name":"C:/Github/ledger/apps/web/test/routing.test.tsx"},{"assertionResults":[{"ancestorTitles":["push results"],"fullName":"push results clears rows the server accepted","status":"passed","title":"clears rows the server accepted","duration":9.098800000000011,"failureMessages":[],"meta":{},"tags":[]},{"ancestorTitles":["push results"],"fullName":"push results leaves a rejected row queued","status":"passed","title":"leaves a rejected row queued","duration":1.36160000000001,"failureMessages":[],"meta":{},"tags":[]},{"ancestorTitles":["push results"],"fullName":"push results leaves everything queued when the request fails","status":"passed","title":"leaves everything queued when the request fails","duration":0.8872000000000071,"failureMessages":[],"meta":{},"tags":[]},{"ancestorTitles":["append_only"],"fullName":"append_only reverts the local edit to the server copy and stops queuing it","status":"passed","title":"reverts the local edit to the server copy and stops queuing it","duration":1.248199999999997,"failureMessages":[],"meta":{},"tags":[]},{"ancestorTitles":["append_only"],"fullName":"append_only a plain rejection is NOT reverted and stays queued","status":"passed","title":"a plain rejection is NOT reverted and stays queued","duration":2.101300000000009,"failureMessages":[],"meta":{},"tags":[]},{"ancestorTitles":["the pending set is read after the response"],"fullName":"the pending set is read after the response does not overwrite a row edited while the request was in flight","status":"passed","title":"does not overwrite a row edited while the request was in flight","duration":19.338899999999995,"failureMessages":[],"meta":{},"tags":[]},{"ancestorTitles":["the pending set is read after the response"],"fullName":"the pending set is read after the response applies a pulled row that is not pending","status":"passed","title":"applies a pulled row that is not pending","duration":0.9549000000000092,"failureMessages":[],"meta":{},"tags":[]},{"ancestorTitles":["offline"],"fullName":"offline does not call the server at all","status":"passed","title":"does not call the server at all","duration":0.5237999999999943,"failureMessages":[],"meta":{},"tags":[]}],"startTime":1789407377076,"endTime":1789407377112.5237,"status":"passed","message":"","name":"C:/Github/ledger/apps/web/test/sync.test.ts"}]}