{"numTotalTestSuites":24,"numPassedTestSuites":24,"numFailedTestSuites":0,"numPendingTestSuites":0,"numTotalTests":54,"numPassedTests":54,"numFailedTests":0,"numPendingTests":0,"numTodoTests":0,"snapshot":{"added":0,"failure":false,"filesAdded":0,"filesRemoved":0,"filesRemovedList":[],"filesUnmatched":0,"filesUpdated":0,"matched":0,"total":0,"unchecked":0,"uncheckedKeysByFile":[],"unmatched":0,"updated":0,"didUpdate":false},"startTime":1789416232593,"success":true,"testResults":[{"assertionResults":[{"ancestorTitles":["the confirmation"],"fullName":"the confirmation accepts the word, trimmed and in any case","status":"passed","title":"accepts the word, trimmed and in any case","duration":0.9710999999999785,"failureMessages":[],"meta":{},"tags":[]},{"ancestorTitles":["the confirmation"],"fullName":"the confirmation accepts nothing else — not empty, not nearly","status":"passed","title":"accepts nothing else — not empty, not nearly","duration":0.20860000000001833,"failureMessages":[],"meta":{},"tags":[]},{"ancestorTitles":["deleteAccount"],"fullName":"deleteAccount resolves only on 204","status":"passed","title":"resolves only on 204","duration":12.309500000000014,"failureMessages":[],"meta":{},"tags":[]},{"ancestorTitles":["deleteAccount"],"fullName":"deleteAccount sends a DELETE to /v1/me with the token and no body","status":"passed","title":"sends a DELETE to /v1/me with the token and no body","duration":0.2720999999999947,"failureMessages":[],"meta":{},"tags":[]},{"ancestorTitles":["deleteAccount"],"fullName":"deleteAccount rejects on a 503 and carries the server’s \"nothing changed\" message","status":"passed","title":"rejects on a 503 and carries the server’s \"nothing changed\" message","duration":1.969300000000004,"failureMessages":[],"meta":{},"tags":[]},{"ancestorTitles":["deleteAccount"],"fullName":"deleteAccount rejects on a 502 — the half-done case the user has to be told about","status":"passed","title":"rejects on a 502 — the half-done case the user has to be told about","duration":0.7643999999999949,"failureMessages":[],"meta":{},"tags":[]},{"ancestorTitles":["deleteAccount"],"fullName":"deleteAccount rejects rather than resolving when the body is not JSON","status":"passed","title":"rejects rather than resolving when the body is not JSON","duration":0.3153000000000077,"failureMessages":[],"meta":{},"tags":[]},{"ancestorTitles":["deleteAccount"],"fullName":"deleteAccount rejects without calling the server when there is no session","status":"passed","title":"rejects without calling the server when there is no session","duration":1.1701999999999941,"failureMessages":[],"meta":{},"tags":[]}],"startTime":1789416232797,"endTime":1789416232815.1702,"status":"passed","message":"","name":"C:/Github/ledger/apps/web/test/account.test.ts"},{"assertionResults":[{"ancestorTitles":["the resolve screen"],"fullName":"the resolve screen asks the question","status":"passed","title":"asks the question","duration":0.8335999999999899,"failureMessages":[],"meta":{},"tags":[]},{"ancestorTitles":["the resolve screen"],"fullName":"the resolve screen shows none of the theory words","status":"passed","title":"shows none of the theory words","duration":0.5011000000000081,"failureMessages":[],"meta":{},"tags":[]},{"ancestorTitles":["the resolve screen"],"fullName":"the resolve screen asks it in the proposal’s words, and says what zero and a hundred mean","status":"passed","title":"asks it in the proposal’s words, and says what zero and a hundred mean","duration":0.295599999999979,"failureMessages":[],"meta":{},"tags":[]},{"ancestorTitles":["the resolve screen"],"fullName":"the resolve screen reproduces no item from a published instrument","status":"passed","title":"reproduces no item from a published instrument","duration":0.14399999999997704,"failureMessages":[],"meta":{},"tags":[]},{"ancestorTitles":["every client screen"],"fullName":"every client screen shows none of the theory words","status":"passed","title":"shows none of the theory words","duration":0.9627000000000123,"failureMessages":[],"meta":{},"tags":[]},{"ancestorTitles":["every client screen"],"fullName":"every client screen has no streak, badge, or progress mechanic","status":"passed","title":"has no streak, badge, or progress mechanic","duration":0.7922999999999831,"failureMessages":[],"meta":{},"tags":[]},{"ancestorTitles":["every client screen"],"fullName":"every client screen would notice a theory word if one were added","status":"passed","title":"would notice a theory word if one were added","duration":0.19870000000000232,"failureMessages":[],"meta":{},"tags":[]}],"startTime":1789416232834,"endTime":1789416232838.1987,"status":"passed","message":"","name":"C:/Github/ledger/apps/web/test/copy.test.ts"},{"assertionResults":[{"ancestorTitles":["last-write-wins guard"],"fullName":"last-write-wins guard rejects an older doc and keeps the newer one","status":"passed","title":"rejects an older doc and keeps the newer one","duration":4.922299999999979,"failureMessages":[],"meta":{},"tags":[]},{"ancestorTitles":["last-write-wins guard"],"fullName":"last-write-wins guard accepts a newer doc","status":"passed","title":"accepts a newer doc","duration":1.134699999999981,"failureMessages":[],"meta":{},"tags":[]},{"ancestorTitles":["last-write-wins guard"],"fullName":"last-write-wins guard accepts an equal timestamp, as `>=` did in SQL","status":"passed","title":"accepts an equal timestamp, as `>=` did in SQL","duration":0.6420999999999992,"failureMessages":[],"meta":{},"tags":[]},{"ancestorTitles":["last-write-wins guard"],"fullName":"last-write-wins guard queues the row even when the guard refuses the write","status":"passed","title":"queues the row even when the guard refuses the write","duration":1.1673999999999864,"failureMessages":[],"meta":{},"tags":[]},{"ancestorTitles":["clearOutbox"],"fullName":"clearOutbox leaves a re-queued newer version in the outbox","status":"passed","title":"leaves a re-queued newer version in the outbox","duration":7.629100000000022,"failureMessages":[],"meta":{},"tags":[]},{"ancestorTitles":["clearOutbox"],"fullName":"clearOutbox clears a row that was not touched during the request","status":"passed","title":"clears a row that was not touched during the request","duration":0.7476000000000056,"failureMessages":[],"meta":{},"tags":[]},{"ancestorTitles":["pendingKeys"],"fullName":"pendingKeys includes rows re-queued during a request, so the pull cannot clobber them","status":"passed","title":"includes rows re-queued during a request, so the pull cannot clobber them","duration":14.270400000000024,"failureMessages":[],"meta":{},"tags":[]},{"ancestorTitles":["pendingKeys"],"fullName":"pendingKeys excludes rows whose pushed version was cleared and not re-queued","status":"passed","title":"excludes rows whose pushed version was cleared and not re-queued","duration":0.6443999999999619,"failureMessages":[],"meta":{},"tags":[]},{"ancestorTitles":["forcePutReinterpretation"],"fullName":"forcePutReinterpretation overwrites a newer local edit, which is what an append_only revert needs","status":"passed","title":"overwrites a newer local edit, which is what an append_only revert needs","duration":1.9658999999999764,"failureMessages":[],"meta":{},"tags":[]},{"ancestorTitles":["forcePutReinterpretation"],"fullName":"forcePutReinterpretation leaves the server copy in place","status":"passed","title":"leaves the server copy in place","duration":0.9712000000000103,"failureMessages":[],"meta":{},"tags":[]},{"ancestorTitles":["reads"],"fullName":"reads openPredictions excludes resolved, abandoned and deleted","status":"passed","title":"openPredictions excludes resolved, abandoned and deleted","duration":3.1538000000000466,"failureMessages":[],"meta":{},"tags":[]},{"ancestorTitles":["reads"],"fullName":"reads orders newest first","status":"passed","title":"orders newest first","duration":0.45350000000001955,"failureMessages":[],"meta":{},"tags":[]},{"ancestorTitles":["outbox housekeeping"],"fullName":"outbox housekeeping reports the oldest queued_at for the stale-outbox notice","status":"passed","title":"reports the oldest queued_at for the stale-outbox notice","duration":0.4714999999999918,"failureMessages":[],"meta":{},"tags":[]},{"ancestorTitles":["outbox housekeeping"],"fullName":"outbox housekeeping wipeAll clears entries, the outbox and meta","status":"passed","title":"wipeAll clears entries, the outbox and meta","duration":0.6435000000000173,"failureMessages":[],"meta":{},"tags":[]}],"startTime":1789416232844,"endTime":1789416232883.6436,"status":"passed","message":"","name":"C:/Github/ledger/apps/web/test/db.test.ts"},{"assertionResults":[{"ancestorTitles":["captureToken"],"fullName":"captureToken reads the token out of the fragment","status":"passed","title":"reads the token out of the fragment","duration":1.4174000000000149,"failureMessages":[],"meta":{},"tags":[]},{"ancestorTitles":["captureToken"],"fullName":"captureToken clears the fragment from the address bar, and from history","status":"passed","title":"clears the fragment from the address bar, and from history","duration":0.3277999999999963,"failureMessages":[],"meta":{},"tags":[]},{"ancestorTitles":["captureToken"],"fullName":"captureToken keeps answering after the fragment is gone","status":"passed","title":"keeps answering after the fragment is gone","duration":0.20070000000001187,"failureMessages":[],"meta":{},"tags":[]},{"ancestorTitles":["captureToken"],"fullName":"captureToken decodes a percent-encoded fragment","status":"passed","title":"decodes a percent-encoded fragment","duration":0.1203999999999894,"failureMessages":[],"meta":{},"tags":[]},{"ancestorTitles":["captureToken"],"fullName":"captureToken returns null when there is no fragment","status":"passed","title":"returns null when there is no fragment","duration":0.1348000000000127,"failureMessages":[],"meta":{},"tags":[]},{"ancestorTitles":["captureToken"],"fullName":"captureToken treats a bare # as no token","status":"passed","title":"treats a bare # as no token","duration":0.09559999999999036,"failureMessages":[],"meta":{},"tags":[]},{"ancestorTitles":["captureToken"],"fullName":"captureToken preserves a query string when it rewrites the URL","status":"passed","title":"preserves a query string when it rewrites the URL","duration":0.10640000000000782,"failureMessages":[],"meta":{},"tags":[]},{"ancestorTitles":["the token is never persisted"],"fullName":"the token is never persisted writes to no browser storage","status":"passed","title":"writes to no browser storage","duration":0.4245999999999981,"failureMessages":[],"meta":{},"tags":[]},{"ancestorTitles":["the token is never persisted"],"fullName":"the token is never persisted is forgotten on clear","status":"passed","title":"is forgotten on clear","duration":0.17199999999999704,"failureMessages":[],"meta":{},"tags":[]}],"startTime":1789416232827,"endTime":1789416232830.172,"status":"passed","message":"","name":"C:/Github/ledger/apps/web/test/join-token.test.ts"},{"assertionResults":[{"ancestorTitles":["a cold start at a deep link, as the cached shell delivers it"],"fullName":"a cold start at a deep link, as the cached shell delivers it selects the right route for every path in the table","status":"passed","title":"selects the right route for every path in the table","duration":2.143100000000004,"failureMessages":[],"meta":{},"tags":[]},{"ancestorTitles":["a cold start at a deep link, as the cached shell delivers it"],"fullName":"a cold start at a deep link, as the cached shell delivers it renders each one on the first pass","status":"passed","title":"renders each one on the first pass","duration":5.732599999999991,"failureMessages":[],"meta":{},"tags":[]},{"ancestorTitles":["a cold start at a deep link, as the cached shell delivers it"],"fullName":"a cold start at a deep link, as the cached shell delivers it extracts the id from /resolve/:id","status":"passed","title":"extracts the id from /resolve/:id","duration":0.43420000000000414,"failureMessages":[],"meta":{},"tags":[]},{"ancestorTitles":["a cold start at a deep link, as the cached shell delivers it"],"fullName":"a cold start at a deep link, as the cached shell delivers it sends an unknown path to the catch-all rather than nothing","status":"passed","title":"sends an unknown path to the catch-all rather than nothing","duration":0.24680000000000746,"failureMessages":[],"meta":{},"tags":[]},{"ancestorTitles":["a URL fragment survives the first load"],"fullName":"a URL fragment survives the first load keeps the fragment on /join and leaves the pathname clean","status":"passed","title":"keeps the fragment on /join and leaves the pathname clean","duration":0.4627000000000123,"failureMessages":[],"meta":{},"tags":[]},{"ancestorTitles":["a URL fragment survives the first load"],"fullName":"a URL fragment survives the first load keeps a fragment and a query string apart","status":"passed","title":"keeps a fragment and a query string apart","duration":0.4502999999999986,"failureMessages":[],"meta":{},"tags":[]},{"ancestorTitles":["a URL fragment survives the first load"],"fullName":"a URL fragment survives the first load does not treat a # inside the fragment as a new one","status":"passed","title":"does not treat a # inside the fragment as a new one","duration":0.41910000000001446,"failureMessages":[],"meta":{},"tags":[]},{"ancestorTitles":["a URL fragment survives the first load"],"fullName":"a URL fragment survives the first load does not let a fragment change which route matches","status":"passed","title":"does not let a fragment change which route matches","duration":0.520700000000005,"failureMessages":[],"meta":{},"tags":[]}],"startTime":1789416232860,"endTime":1789416232871.5208,"status":"passed","message":"","name":"C:/Github/ledger/apps/web/test/routing.test.tsx"},{"assertionResults":[{"ancestorTitles":["push results"],"fullName":"push results clears rows the server accepted","status":"passed","title":"clears rows the server accepted","duration":9.069099999999992,"failureMessages":[],"meta":{},"tags":[]},{"ancestorTitles":["push results"],"fullName":"push results leaves a rejected row queued","status":"passed","title":"leaves a rejected row queued","duration":1.558499999999981,"failureMessages":[],"meta":{},"tags":[]},{"ancestorTitles":["push results"],"fullName":"push results leaves everything queued when the request fails","status":"passed","title":"leaves everything queued when the request fails","duration":0.93719999999999,"failureMessages":[],"meta":{},"tags":[]},{"ancestorTitles":["append_only"],"fullName":"append_only reverts the local edit to the server copy and stops queuing it","status":"passed","title":"reverts the local edit to the server copy and stops queuing it","duration":1.2857000000000198,"failureMessages":[],"meta":{},"tags":[]},{"ancestorTitles":["append_only"],"fullName":"append_only a plain rejection is NOT reverted and stays queued","status":"passed","title":"a plain rejection is NOT reverted and stays queued","duration":2.097200000000015,"failureMessages":[],"meta":{},"tags":[]},{"ancestorTitles":["the pending set is read after the response"],"fullName":"the pending set is read after the response does not overwrite a row edited while the request was in flight","status":"passed","title":"does not overwrite a row edited while the request was in flight","duration":11.365099999999984,"failureMessages":[],"meta":{},"tags":[]},{"ancestorTitles":["the pending set is read after the response"],"fullName":"the pending set is read after the response applies a pulled row that is not pending","status":"passed","title":"applies a pulled row that is not pending","duration":0.9136000000000308,"failureMessages":[],"meta":{},"tags":[]},{"ancestorTitles":["offline"],"fullName":"offline does not call the server at all","status":"passed","title":"does not call the server at all","duration":0.5031000000000176,"failureMessages":[],"meta":{},"tags":[]}],"startTime":1789416232864,"endTime":1789416232891.5032,"status":"passed","message":"","name":"C:/Github/ledger/apps/web/test/sync.test.ts"}]}