{"numTotalTestSuites":60,"numPassedTestSuites":60,"numFailedTestSuites":0,"numPendingTestSuites":0,"numTotalTests":233,"numPassedTests":233,"numFailedTests":0,"numPendingTests":0,"numTodoTests":0,"snapshot":{"added":0,"failure":false,"filesAdded":0,"filesRemoved":0,"filesRemovedList":[],"filesUnmatched":0,"filesUpdated":0,"matched":0,"total":0,"unchecked":0,"uncheckedKeysByFile":[],"unmatched":0,"updated":0,"didUpdate":false},"startTime":1789416230362,"success":true,"testResults":[{"assertionResults":[{"ancestorTitles":["summarize"],"fullName":"summarize produces the milestone sentence: 14 predicted at avg 80%, happened 2","status":"passed","title":"produces the milestone sentence: 14 predicted at avg 80%, happened 2","duration":1.5121999999999787,"failureMessages":[],"meta":{},"tags":[]},{"ancestorTitles":["summarize"],"fullName":"summarize counts open, abandoned, and unclear separately and never scores unclear","status":"passed","title":"counts open, abandoned, and unclear separately and never scores unclear","duration":0.27189999999998804,"failureMessages":[],"meta":{},"tags":[]},{"ancestorTitles":["summarize"],"fullName":"summarize ignores soft-deleted rows","status":"passed","title":"ignores soft-deleted rows","duration":0.12749999999999773,"failureMessages":[],"meta":{},"tags":[]},{"ancestorTitles":["summarize"],"fullName":"summarize returns nulls, not NaN, with nothing scored","status":"passed","title":"returns nulls, not NaN, with nothing scored","duration":0.16370000000000573,"failureMessages":[],"meta":{},"tags":[]},{"ancestorTitles":["summarize"],"fullName":"summarize Brier score: perfect confidence on hits is 0; 100% on a miss is 1","status":"passed","title":"Brier score: perfect confidence on hits is 0; 100% on a miss is 1","duration":0.1675000000000182,"failureMessages":[],"meta":{},"tags":[]},{"ancestorTitles":["summarize"],"fullName":"summarize buckets predictions by confidence and reports observed rate","status":"passed","title":"buckets predictions by confidence and reports observed rate","duration":0.1893000000000029,"failureMessages":[],"meta":{},"tags":[]},{"ancestorTitles":["summarize"],"fullName":"summarize sentence mentions partials and never-run predictions","status":"passed","title":"sentence mentions partials and never-run predictions","duration":0.17379999999999995,"failureMessages":[],"meta":{},"tags":[]},{"ancestorTitles":["summarize"],"fullName":"summarize sentenceFor handles the no-hits case","status":"passed","title":"sentenceFor handles the no-hits case","duration":0.10380000000000678,"failureMessages":[],"meta":{},"tags":[]},{"ancestorTitles":["outcomeValue"],"fullName":"outcomeValue hit → 1","status":"passed","title":"hit → 1","duration":0.12000000000000455,"failureMessages":[],"meta":{},"tags":[]},{"ancestorTitles":["outcomeValue"],"fullName":"outcomeValue partial → 0.5","status":"passed","title":"partial → 0.5","duration":0.0835999999999899,"failureMessages":[],"meta":{},"tags":[]},{"ancestorTitles":["outcomeValue"],"fullName":"outcomeValue miss → 0","status":"passed","title":"miss → 0","duration":0.046999999999997044,"failureMessages":[],"meta":{},"tags":[]},{"ancestorTitles":["outcomeValue"],"fullName":"outcomeValue is undefined for unclear and open","status":"passed","title":"is undefined for unclear and open","duration":0.07159999999998945,"failureMessages":[],"meta":{},"tags":[]},{"ancestorTitles":["isLoudMiss — the loud-mismatch rule"],"fullName":"isLoudMiss — the loud-mismatch rule is loud for a high-confidence observed miss the client was present for","status":"passed","title":"is loud for a high-confidence observed miss the client was present for","duration":0.05099999999998772,"failureMessages":[],"meta":{},"tags":[]},{"ancestorTitles":["isLoudMiss — the loud-mismatch rule"],"fullName":"isLoudMiss — the loud-mismatch rule is quiet below the confidence threshold","status":"passed","title":"is quiet below the confidence threshold","duration":0.04069999999998686,"failureMessages":[],"meta":{},"tags":[]},{"ancestorTitles":["isLoudMiss — the loud-mismatch rule"],"fullName":"isLoudMiss — the loud-mismatch rule is quiet when the outcome was inferred (mind-read)","status":"passed","title":"is quiet when the outcome was inferred (mind-read)","duration":0.034000000000020236,"failureMessages":[],"meta":{},"tags":[]},{"ancestorTitles":["isLoudMiss — the loud-mismatch rule"],"fullName":"isLoudMiss — the loud-mismatch rule is quiet when the client was not present for it","status":"passed","title":"is quiet when the client was not present for it","duration":0.03450000000000841,"failureMessages":[],"meta":{},"tags":[]},{"ancestorTitles":["isLoudMiss — the loud-mismatch rule"],"fullName":"isLoudMiss — the loud-mismatch rule is quiet when kit took the credit on a body experiment","status":"passed","title":"is quiet when kit took the credit on a body experiment","duration":0.0946999999999889,"failureMessages":[],"meta":{},"tags":[]},{"ancestorTitles":["isLoudMiss — the loud-mismatch rule"],"fullName":"isLoudMiss — the loud-mismatch rule is never loud for hits or partials","status":"passed","title":"is never loud for hits or partials","duration":0.04449999999999932,"failureMessages":[],"meta":{},"tags":[]},{"ancestorTitles":["shouldRouteToClinician"],"fullName":"shouldRouteToClinician routes unclear and not-present outcomes; leaves the rest to the chart","status":"passed","title":"routes unclear and not-present outcomes; leaves the rest to the chart","duration":0.0841000000000065,"failureMessages":[],"meta":{},"tags":[]},{"ancestorTitles":["furnaceProfile"],"fullName":"furnaceProfile flags a prior that never misses at high confidence, once there are 5 scored","status":"passed","title":"flags a prior that never misses at high confidence, once there are 5 scored","duration":0.2798999999999978,"failureMessages":[],"meta":{},"tags":[]},{"ancestorTitles":["furnaceProfile"],"fullName":"furnaceProfile computes abandonment and reinterpretation rates","status":"passed","title":"computes abandonment and reinterpretation rates","duration":0.10880000000000223,"failureMessages":[],"meta":{},"tags":[]},{"ancestorTitles":["furnaceProfile"],"fullName":"furnaceProfile counts own-part answers including unanswered","status":"passed","title":"counts own-part answers including unanswered","duration":0.36410000000000764,"failureMessages":[],"meta":{},"tags":[]},{"ancestorTitles":["furnaceProfile"],"fullName":"furnaceProfile separates survivals without kit from survivals with kit","status":"passed","title":"separates survivals without kit from survivals with kit","duration":0.10580000000001633,"failureMessages":[],"meta":{},"tags":[]},{"ancestorTitles":["furnaceProfile"],"fullName":"furnaceProfile grades the exit forecast","status":"passed","title":"grades the exit forecast","duration":0.10869999999999891,"failureMessages":[],"meta":{},"tags":[]},{"ancestorTitles":["furnaceProfile"],"fullName":"furnaceProfile returns nulls with no data","status":"passed","title":"returns nulls with no data","duration":0.07509999999999195,"failureMessages":[],"meta":{},"tags":[]},{"ancestorTitles":["summarizeLedger"],"fullName":"summarizeLedger groups by prior, sorts by volume, and reports untagged","status":"passed","title":"groups by prior, sorts by volume, and reports untagged","duration":0.3223999999999876,"failureMessages":[],"meta":{},"tags":[]}],"startTime":1789416230666,"endTime":1789416230671.364,"status":"passed","message":"","name":"C:/Github/ledger/packages/shared/test/calibration.test.ts"},{"assertionResults":[{"ancestorTitles":["tokenize"],"fullName":"tokenize lowercases, drops stopwords and punctuation, stems lightly","status":"passed","title":"lowercases, drops stopwords and punctuation, stems lightly","duration":1.2818999999999505,"failureMessages":[],"meta":{},"tags":[]},{"ancestorTitles":["jaccard"],"fullName":"jaccard is 0 for disjoint, 1 for identical, 0 for two empties","status":"passed","title":"is 0 for disjoint, 1 for identical, 0 for two empties","duration":0.2796000000000163,"failureMessages":[],"meta":{},"tags":[]},{"ancestorTitles":["suggestPriors"],"fullName":"suggestPriors ranks by token overlap and explains the shared tokens","status":"passed","title":"ranks by token overlap and explains the shared tokens","duration":0.7083000000000084,"failureMessages":[],"meta":{},"tags":[]},{"ancestorTitles":["suggestPriors"],"fullName":"suggestPriors returns nothing below the threshold","status":"passed","title":"returns nothing below the threshold","duration":0.21589999999997644,"failureMessages":[],"meta":{},"tags":[]},{"ancestorTitles":["suggestPriors"],"fullName":"suggestPriors never assigns — it only returns suggestions","status":"passed","title":"never assigns — it only returns suggestions","duration":0.35419999999999163,"failureMessages":[],"meta":{},"tags":[]},{"ancestorTitles":["suggestGroups"],"fullName":"suggestGroups groups untagged predictions with similar expected outcomes","status":"passed","title":"groups untagged predictions with similar expected outcomes","duration":6.373299999999972,"failureMessages":[],"meta":{},"tags":[]},{"ancestorTitles":["suggestGroups"],"fullName":"suggestGroups is deterministic regardless of input order","status":"passed","title":"is deterministic regardless of input order","duration":0.28460000000001173,"failureMessages":[],"meta":{},"tags":[]},{"ancestorTitles":["suggestGroups"],"fullName":"suggestGroups returns nothing when nothing is similar","status":"passed","title":"returns nothing when nothing is similar","duration":0.1564999999999941,"failureMessages":[],"meta":{},"tags":[]},{"ancestorTitles":["mergePriors"],"fullName":"mergePriors retires the merged prior and retags predictions without duplicates","status":"passed","title":"retires the merged prior and retags predictions without duplicates","duration":0.37409999999999854,"failureMessages":[],"meta":{},"tags":[]},{"ancestorTitles":["mergePriors"],"fullName":"mergePriors throws on unknown ids and is a no-op on identical ids","status":"passed","title":"throws on unknown ids and is a no-op on identical ids","duration":0.608600000000024,"failureMessages":[],"meta":{},"tags":[]}],"startTime":1789416230667,"endTime":1789416230677.6086,"status":"passed","message":"","name":"C:/Github/ledger/packages/shared/test/clustering.test.ts"},{"assertionResults":[{"ancestorTitles":["detectRisk"],"fullName":"detectRisk matches \"I want to kill myself\" → R01_kill_self (ideation)","status":"passed","title":"matches \"I want to kill myself\" → R01_kill_self (ideation)","duration":4.23660000000001,"failureMessages":[],"meta":{},"tags":[]},{"ancestorTitles":["detectRisk"],"fullName":"detectRisk matches \"kms honestly\" → R01_kill_self (ideation)","status":"passed","title":"matches \"kms honestly\" → R01_kill_self (ideation)","duration":1.1312000000000353,"failureMessages":[],"meta":{},"tags":[]},{"ancestorTitles":["detectRisk"],"fullName":"detectRisk matches \"thinking about suicide again\" → R02_suicid (ideation)","status":"passed","title":"matches \"thinking about suicide again\" → R02_suicid (ideation)","duration":0.1623000000000161,"failureMessages":[],"meta":{},"tags":[]},{"ancestorTitles":["detectRisk"],"fullName":"detectRisk matches \"honestly I just want to die\" → R03_want_to_die (ideation)","status":"passed","title":"matches \"honestly I just want to die\" → R03_want_to_die (ideation)","duration":0.10669999999998936,"failureMessages":[],"meta":{},"tags":[]},{"ancestorTitles":["detectRisk"],"fullName":"detectRisk matches \"I wish I was dead\" → R03_want_to_die (ideation)","status":"passed","title":"matches \"I wish I was dead\" → R03_want_to_die (ideation)","duration":0.11430000000001428,"failureMessages":[],"meta":{},"tags":[]},{"ancestorTitles":["detectRisk"],"fullName":"detectRisk matches \"I’d rather be dead\" → R03_want_to_die (ideation)","status":"passed","title":"matches \"I’d rather be dead\" → R03_want_to_die (ideation)","duration":1.0857999999999493,"failureMessages":[],"meta":{},"tags":[]},{"ancestorTitles":["detectRisk"],"fullName":"detectRisk matches \"I’d be better off dead\" → R03_want_to_die (ideation)","status":"passed","title":"matches \"I’d be better off dead\" → R03_want_to_die (ideation)","duration":0.15039999999999054,"failureMessages":[],"meta":{},"tags":[]},{"ancestorTitles":["detectRisk"],"fullName":"detectRisk matches \"I wish I’d never been born\" → R03_want_to_die (ideation)","status":"passed","title":"matches \"I wish I’d never been born\" → R03_want_to_die (ideation)","duration":0.11160000000000991,"failureMessages":[],"meta":{},"tags":[]},{"ancestorTitles":["detectRisk"],"fullName":"detectRisk matches \"I hope I don’t wake up tomorrow\" → R04_not_wake_up (ideation)","status":"passed","title":"matches \"I hope I don’t wake up tomorrow\" → R04_not_wake_up (ideation)","duration":0.10099999999999909,"failureMessages":[],"meta":{},"tags":[]},{"ancestorTitles":["detectRisk"],"fullName":"detectRisk matches \"I could end it all tonight\" → R05_end_it_all (ideation)","status":"passed","title":"matches \"I could end it all tonight\" → R05_end_it_all (ideation)","duration":0.11530000000004748,"failureMessages":[],"meta":{},"tags":[]},{"ancestorTitles":["detectRisk"],"fullName":"detectRisk matches \"thinking about ending things\" → R05_end_it_all (ideation)","status":"passed","title":"matches \"thinking about ending things\" → R05_end_it_all (ideation)","duration":0.14220000000000255,"failureMessages":[],"meta":{},"tags":[]},{"ancestorTitles":["detectRisk"],"fullName":"detectRisk matches \"I keep thinking about ending my life\" → R05_end_it_all (ideation)","status":"passed","title":"matches \"I keep thinking about ending my life\" → R05_end_it_all (ideation)","duration":0.07179999999999609,"failureMessages":[],"meta":{},"tags":[]},{"ancestorTitles":["detectRisk"],"fullName":"detectRisk matches \"I want it all to be over\" → R05_end_it_all (ideation)","status":"passed","title":"matches \"I want it all to be over\" → R05_end_it_all (ideation)","duration":0.0625999999999749,"failureMessages":[],"meta":{},"tags":[]},{"ancestorTitles":["detectRisk"],"fullName":"detectRisk matches \"there is no point in living\" → R06_no_reason_to_live (ideation)","status":"passed","title":"matches \"there is no point in living\" → R06_no_reason_to_live (ideation)","duration":0.05110000000001946,"failureMessages":[],"meta":{},"tags":[]},{"ancestorTitles":["detectRisk"],"fullName":"detectRisk matches \"I can't go on like this\" → R06_no_reason_to_live (ideation)","status":"passed","title":"matches \"I can't go on like this\" → R06_no_reason_to_live (ideation)","duration":0.0484000000000151,"failureMessages":[],"meta":{},"tags":[]},{"ancestorTitles":["detectRisk"],"fullName":"detectRisk matches \"I can't do this anymore\" → R06_no_reason_to_live (ideation)","status":"passed","title":"matches \"I can't do this anymore\" → R06_no_reason_to_live (ideation)","duration":0.04640000000000555,"failureMessages":[],"meta":{},"tags":[]},{"ancestorTitles":["detectRisk"],"fullName":"detectRisk matches \"I don't want to be alive\" → R06_no_reason_to_live (ideation)","status":"passed","title":"matches \"I don't want to be alive\" → R06_no_reason_to_live (ideation)","duration":0.04580000000004247,"failureMessages":[],"meta":{},"tags":[]},{"ancestorTitles":["detectRisk"],"fullName":"detectRisk matches \"I don't want to live anymore\" → R06_no_reason_to_live (ideation)","status":"passed","title":"matches \"I don't want to live anymore\" → R06_no_reason_to_live (ideation)","duration":0.06110000000001037,"failureMessages":[],"meta":{},"tags":[]},{"ancestorTitles":["detectRisk"],"fullName":"detectRisk matches \"I don't want to be here anymore\" → R06_no_reason_to_live (ideation)","status":"passed","title":"matches \"I don't want to be here anymore\" → R06_no_reason_to_live (ideation)","duration":0.047100000000000364,"failureMessages":[],"meta":{},"tags":[]},{"ancestorTitles":["detectRisk"],"fullName":"detectRisk matches \"no point anymore\" → R06_no_reason_to_live (ideation)","status":"passed","title":"matches \"no point anymore\" → R06_no_reason_to_live (ideation)","duration":0.04660000000001219,"failureMessages":[],"meta":{},"tags":[]},{"ancestorTitles":["detectRisk"],"fullName":"detectRisk matches \"they would be better off without me\" → R07_better_off_without (ideation)","status":"passed","title":"matches \"they would be better off without me\" → R07_better_off_without (ideation)","duration":0.04399999999998272,"failureMessages":[],"meta":{},"tags":[]},{"ancestorTitles":["detectRisk"],"fullName":"detectRisk matches \"the world would be better without me\" → R07_better_off_without (ideation)","status":"passed","title":"matches \"the world would be better without me\" → R07_better_off_without (ideation)","duration":0.04660000000001219,"failureMessages":[],"meta":{},"tags":[]},{"ancestorTitles":["detectRisk"],"fullName":"detectRisk matches \"I am a burden to everyone\" → R07_better_off_without (ideation)","status":"passed","title":"matches \"I am a burden to everyone\" → R07_better_off_without (ideation)","duration":0.048699999999996635,"failureMessages":[],"meta":{},"tags":[]},{"ancestorTitles":["detectRisk"],"fullName":"detectRisk matches \"thought about taking my own life\" → R08_take_my_life (ideation)","status":"passed","title":"matches \"thought about taking my own life\" → R08_take_my_life (ideation)","duration":0.06019999999995207,"failureMessages":[],"meta":{},"tags":[]},{"ancestorTitles":["detectRisk"],"fullName":"detectRisk matches \"I just want to disappear\" → R09_disappear (ideation)","status":"passed","title":"matches \"I just want to disappear\" → R09_disappear (ideation)","duration":0.04629999999997381,"failureMessages":[],"meta":{},"tags":[]},{"ancestorTitles":["detectRisk"],"fullName":"detectRisk matches \"I wish I wasn’t here\" → R09_disappear (ideation)","status":"passed","title":"matches \"I wish I wasn’t here\" → R09_disappear (ideation)","duration":0.05119999999999436,"failureMessages":[],"meta":{},"tags":[]},{"ancestorTitles":["detectRisk"],"fullName":"detectRisk matches \"I keep thinking about shooting myself\" → R10_means_firearm (plan_or_means)","status":"passed","title":"matches \"I keep thinking about shooting myself\" → R10_means_firearm (plan_or_means)","duration":0.050700000000006185,"failureMessages":[],"meta":{},"tags":[]},{"ancestorTitles":["detectRisk"],"fullName":"detectRisk matches \"sat there with my pistol last night\" → R10_means_firearm (plan_or_means)","status":"passed","title":"matches \"sat there with my pistol last night\" → R10_means_firearm (plan_or_means)","duration":0.04429999999996426,"failureMessages":[],"meta":{},"tags":[]},{"ancestorTitles":["detectRisk"],"fullName":"detectRisk matches \"put the gun to my head\" → R10_means_firearm (plan_or_means)","status":"passed","title":"matches \"put the gun to my head\" → R10_means_firearm (plan_or_means)","duration":0.05000000000001137,"failureMessages":[],"meta":{},"tags":[]},{"ancestorTitles":["detectRisk"],"fullName":"detectRisk matches \"I could take all the pills\" → R11_means_overdose (plan_or_means)","status":"passed","title":"matches \"I could take all the pills\" → R11_means_overdose (plan_or_means)","duration":0.05190000000004602,"failureMessages":[],"meta":{},"tags":[]},{"ancestorTitles":["detectRisk"],"fullName":"detectRisk matches \"take the whole bottle tonight\" → R11_means_overdose (plan_or_means)","status":"passed","title":"matches \"take the whole bottle tonight\" → R11_means_overdose (plan_or_means)","duration":0.04270000000002483,"failureMessages":[],"meta":{},"tags":[]},{"ancestorTitles":["detectRisk"],"fullName":"detectRisk matches \"thinking about overdosing\" → R11_means_overdose (plan_or_means)","status":"passed","title":"matches \"thinking about overdosing\" → R11_means_overdose (plan_or_means)","duration":0.08120000000002392,"failureMessages":[],"meta":{},"tags":[]},{"ancestorTitles":["detectRisk"],"fullName":"detectRisk matches \"I keep thinking about hanging myself\" → R12_means_hanging (plan_or_means)","status":"passed","title":"matches \"I keep thinking about hanging myself\" → R12_means_hanging (plan_or_means)","duration":0.06309999999996307,"failureMessages":[],"meta":{},"tags":[]},{"ancestorTitles":["detectRisk"],"fullName":"detectRisk matches \"jump off the bridge on the way home\" → R13_means_jump (plan_or_means)","status":"passed","title":"matches \"jump off the bridge on the way home\" → R13_means_jump (plan_or_means)","duration":0.05099999999998772,"failureMessages":[],"meta":{},"tags":[]},{"ancestorTitles":["detectRisk"],"fullName":"detectRisk matches \"jump in front of a train\" → R13_means_jump (plan_or_means)","status":"passed","title":"matches \"jump in front of a train\" → R13_means_jump (plan_or_means)","duration":0.066599999999994,"failureMessages":[],"meta":{},"tags":[]},{"ancestorTitles":["detectRisk"],"fullName":"detectRisk matches \"slit my wrists\" → R13_means_jump (plan_or_means)","status":"passed","title":"matches \"slit my wrists\" → R13_means_jump (plan_or_means)","duration":0.06099999999997863,"failureMessages":[],"meta":{},"tags":[]},{"ancestorTitles":["detectRisk"],"fullName":"detectRisk matches \"I have a plan to end it\" → R14_plan_words (plan_or_means)","status":"passed","title":"matches \"I have a plan to end it\" → R14_plan_words (plan_or_means)","duration":0.054199999999980264,"failureMessages":[],"meta":{},"tags":[]},{"ancestorTitles":["detectRisk"],"fullName":"detectRisk matches \"wrote a goodbye note\" → R14_plan_words (plan_or_means)","status":"passed","title":"matches \"wrote a goodbye note\" → R14_plan_words (plan_or_means)","duration":0.04939999999999145,"failureMessages":[],"meta":{},"tags":[]},{"ancestorTitles":["detectRisk"],"fullName":"detectRisk matches \"tonight is the last night, I’m going to do it\" → R15_tonight_today (plan_or_means)","status":"passed","title":"matches \"tonight is the last night, I’m going to do it\" → R15_tonight_today (plan_or_means)","duration":0.06380000000001473,"failureMessages":[],"meta":{},"tags":[]},{"ancestorTitles":["detectRisk"],"fullName":"detectRisk matches \"my last night alive\" → R15_tonight_today (plan_or_means)","status":"passed","title":"matches \"my last night alive\" → R15_tonight_today (plan_or_means)","duration":0.05110000000001946,"failureMessages":[],"meta":{},"tags":[]},{"ancestorTitles":["detectRisk"],"fullName":"detectRisk matches \"I cut myself again last night\" → R16_self_harm (self_harm)","status":"passed","title":"matches \"I cut myself again last night\" → R16_self_harm (self_harm)","duration":0.06560000000001764,"failureMessages":[],"meta":{},"tags":[]},{"ancestorTitles":["detectRisk"],"fullName":"detectRisk matches \"self-harm urges are back\" → R16_self_harm (self_harm)","status":"passed","title":"matches \"self-harm urges are back\" → R16_self_harm (self_harm)","duration":0.04719999999997526,"failureMessages":[],"meta":{},"tags":[]},{"ancestorTitles":["detectRisk"],"fullName":"detectRisk matches \"I hurt myself on purpose\" → R16_self_harm (self_harm)","status":"passed","title":"matches \"I hurt myself on purpose\" → R16_self_harm (self_harm)","duration":0.04660000000001219,"failureMessages":[],"meta":{},"tags":[]},{"ancestorTitles":["detectRisk"],"fullName":"detectRisk matches \"urge to cut\" → R16_self_harm (self_harm)","status":"passed","title":"matches \"urge to cut\" → R16_self_harm (self_harm)","duration":0.04559999999997899,"failureMessages":[],"meta":{},"tags":[]},{"ancestorTitles":["detectRisk"],"fullName":"detectRisk is case-insensitive","status":"passed","title":"is case-insensitive","duration":0.0524000000000342,"failureMessages":[],"meta":{},"tags":[]},{"ancestorTitles":["detectRisk"],"fullName":"detectRisk matches negated phrasing on purpose (the card is not a judgment)","status":"passed","title":"matches negated phrasing on purpose (the card is not a judgment)","duration":0.03550000000001319,"failureMessages":[],"meta":{},"tags":[]},{"ancestorTitles":["detectRisk"],"fullName":"detectRisk does not match ordinary entry \"I predicted she would go quiet and she did.\"","status":"passed","title":"does not match ordinary entry \"I predicted she would go quiet and she did.\"","duration":0.058100000000024465,"failureMessages":[],"meta":{},"tags":[]},{"ancestorTitles":["detectRisk"],"fullName":"detectRisk does not match ordinary entry \"Killed it at the presentation.\"","status":"passed","title":"does not match ordinary entry \"Killed it at the presentation.\"","duration":0.03679999999997108,"failureMessages":[],"meta":{},"tags":[]},{"ancestorTitles":["detectRisk"],"fullName":"detectRisk does not match ordinary entry \"The deadline is tonight.\"","status":"passed","title":"does not match ordinary entry \"The deadline is tonight.\"","duration":0.030399999999985994,"failureMessages":[],"meta":{},"tags":[]},{"ancestorTitles":["detectRisk"],"fullName":"detectRisk does not match ordinary entry \"My heart was racing before the call.\"","status":"passed","title":"does not match ordinary entry \"My heart was racing before the call.\"","duration":0.048299999999983356,"failureMessages":[],"meta":{},"tags":[]},{"ancestorTitles":["detectRisk"],"fullName":"detectRisk does not match ordinary entry \"I told him no and the room did not end.\"","status":"passed","title":"does not match ordinary entry \"I told him no and the room did not end.\"","duration":0.03069999999996753,"failureMessages":[],"meta":{},"tags":[]},{"ancestorTitles":["detectRisk"],"fullName":"detectRisk does not match ordinary entry \"Dead tired after the drive.\"","status":"passed","title":"does not match ordinary entry \"Dead tired after the drive.\"","duration":0.02559999999999718,"failureMessages":[],"meta":{},"tags":[]},{"ancestorTitles":["detectRisk"],"fullName":"detectRisk does not match ordinary entry \"gunning for the promotion\"","status":"passed","title":"does not match ordinary entry \"gunning for the promotion\"","duration":0.03140000000001919,"failureMessages":[],"meta":{},"tags":[]},{"ancestorTitles":["detectRisk"],"fullName":"detectRisk does not match ordinary entry \"the pill I take for blood pressure\"","status":"passed","title":"does not match ordinary entry \"the pill I take for blood pressure\"","duration":0.028700000000014825,"failureMessages":[],"meta":{},"tags":[]},{"ancestorTitles":["detectRisk"],"fullName":"detectRisk does not match ordinary entry \"Going to the gun range with Mike on Saturday.\"","status":"passed","title":"does not match ordinary entry \"Going to the gun range with Mike on Saturday.\"","duration":0.039400000000000546,"failureMessages":[],"meta":{},"tags":[]},{"ancestorTitles":["detectRisk"],"fullName":"detectRisk does not match ordinary entry \"Cleaned my rifle before the reunion.\"","status":"passed","title":"does not match ordinary entry \"Cleaned my rifle before the reunion.\"","duration":0.03550000000001319,"failureMessages":[],"meta":{},"tags":[]},{"ancestorTitles":["detectRisk"],"fullName":"detectRisk does not match ordinary entry \"Three bullet points for the briefing.\"","status":"passed","title":"does not match ordinary entry \"Three bullet points for the briefing.\"","duration":0.028200000000026648,"failureMessages":[],"meta":{},"tags":[]},{"ancestorTitles":["detectRisk"],"fullName":"detectRisk does not match ordinary entry \"Dodged a bullet when the meeting got cancelled.\"","status":"passed","title":"does not match ordinary entry \"Dodged a bullet when the meeting got cancelled.\"","duration":0.03509999999999991,"failureMessages":[],"meta":{},"tags":[]},{"ancestorTitles":["detectRisk"],"fullName":"detectRisk does not match ordinary entry \"Wore my OD green jacket to the parade.\"","status":"passed","title":"does not match ordinary entry \"Wore my OD green jacket to the parade.\"","duration":0.024499999999989086,"failureMessages":[],"meta":{},"tags":[]},{"ancestorTitles":["detectRisk"],"fullName":"detectRisk does not match ordinary entry \"I have a plan for the interview.\"","status":"passed","title":"does not match ordinary entry \"I have a plan for the interview.\"","duration":0.028500000000008185,"failureMessages":[],"meta":{},"tags":[]},{"ancestorTitles":["detectRisk"],"fullName":"detectRisk does not match ordinary entry \"My therapist and I made a plan for the wedding.\"","status":"passed","title":"does not match ordinary entry \"My therapist and I made a plan for the wedding.\"","duration":0.023200000000031196,"failureMessages":[],"meta":{},"tags":[]},{"ancestorTitles":["detectRisk"],"fullName":"detectRisk does not match ordinary entry \"Today is the day I ask for the raise.\"","status":"passed","title":"does not match ordinary entry \"Today is the day I ask for the raise.\"","duration":0.023899999999969168,"failureMessages":[],"meta":{},"tags":[]},{"ancestorTitles":["detectRisk"],"fullName":"detectRisk does not match ordinary entry \"Tonight is the night we finally talk.\"","status":"passed","title":"does not match ordinary entry \"Tonight is the night we finally talk.\"","duration":0.02549999999996544,"failureMessages":[],"meta":{},"tags":[]},{"ancestorTitles":["detectRisk"],"fullName":"detectRisk does not match ordinary entry \"This headache is killing me.\"","status":"passed","title":"does not match ordinary entry \"This headache is killing me.\"","duration":0.025700000000028922,"failureMessages":[],"meta":{},"tags":[]},{"ancestorTitles":["detectRisk"],"fullName":"detectRisk does not match ordinary entry \"The waiting is killing me.\"","status":"passed","title":"does not match ordinary entry \"The waiting is killing me.\"","duration":0.02400000000000091,"failureMessages":[],"meta":{},"tags":[]},{"ancestorTitles":["detectRisk"],"fullName":"detectRisk does not match ordinary entry \"He finally got off me at BJJ.\"","status":"passed","title":"does not match ordinary entry \"He finally got off me at BJJ.\"","duration":0.026400000000023738,"failureMessages":[],"meta":{},"tags":[]},{"ancestorTitles":["detectRisk"],"fullName":"detectRisk does not match ordinary entry \"Took a lot of pressure off me.\"","status":"passed","title":"does not match ordinary entry \"Took a lot of pressure off me.\"","duration":0.025300000000015643,"failureMessages":[],"meta":{},"tags":[]},{"ancestorTitles":["detectRisk"],"fullName":"detectRisk does not match ordinary entry \"I hurt myself lifting at the gym.\"","status":"passed","title":"does not match ordinary entry \"I hurt myself lifting at the gym.\"","duration":0.021299999999996544,"failureMessages":[],"meta":{},"tags":[]},{"ancestorTitles":["detectRisk"],"fullName":"detectRisk does not match ordinary entry \"Cut myself shaving.\"","status":"passed","title":"does not match ordinary entry \"Cut myself shaving.\"","duration":0.021500000000003183,"failureMessages":[],"meta":{},"tags":[]},{"ancestorTitles":["detectRisk"],"fullName":"detectRisk does not match ordinary entry \"Ready to die on this hill about the schedule.\"","status":"passed","title":"does not match ordinary entry \"Ready to die on this hill about the schedule.\"","duration":0.02420000000000755,"failureMessages":[],"meta":{},"tags":[]},{"ancestorTitles":["detectRisk"],"fullName":"detectRisk does not match ordinary entry \"The headache will disappear by noon.\"","status":"passed","title":"does not match ordinary entry \"The headache will disappear by noon.\"","duration":0.020800000000008367,"failureMessages":[],"meta":{},"tags":[]},{"ancestorTitles":["detectRisk"],"fullName":"detectRisk does not match ordinary entry \"That restaurant does not exist anymore.\"","status":"passed","title":"does not match ordinary entry \"That restaurant does not exist anymore.\"","duration":0.024299999999982447,"failureMessages":[],"meta":{},"tags":[]},{"ancestorTitles":["detectRisk"],"fullName":"detectRisk does not match ordinary entry \"If I don't wake up on time I'll miss the flight.\"","status":"passed","title":"does not match ordinary entry \"If I don't wake up on time I'll miss the flight.\"","duration":0.02169999999995298,"failureMessages":[],"meta":{},"tags":[]},{"ancestorTitles":["detectRisk"],"fullName":"detectRisk does not match ordinary entry \"I can't go on Facebook without getting angry.\"","status":"passed","title":"does not match ordinary entry \"I can't go on Facebook without getting angry.\"","duration":0.023199999999974352,"failureMessages":[],"meta":{},"tags":[]},{"ancestorTitles":["detectRisk"],"fullName":"detectRisk does not match ordinary entry \"I want to end things with her.\"","status":"passed","title":"does not match ordinary entry \"I want to end things with her.\"","duration":0.035599999999988086,"failureMessages":[],"meta":{},"tags":[]},{"ancestorTitles":["detectRisk"],"fullName":"detectRisk does not match ordinary entry \"Shot a 92 on the range.\"","status":"passed","title":"does not match ordinary entry \"Shot a 92 on the range.\"","duration":0.030399999999985994,"failureMessages":[],"meta":{},"tags":[]},{"ancestorTitles":["detectRisk"],"fullName":"detectRisk does not match ordinary entry \"\"","status":"passed","title":"does not match ordinary entry \"\"","duration":0.036000000000001364,"failureMessages":[],"meta":{},"tags":[]},{"ancestorTitles":["detectRisk"],"fullName":"detectRisk returns no resources when nothing matched","status":"passed","title":"returns no resources when nothing matched","duration":0.3727000000000089,"failureMessages":[],"meta":{},"tags":[]},{"ancestorTitles":["detectRisk"],"fullName":"detectRisk always includes 988 and both Veterans Crisis Line entries on any match","status":"passed","title":"always includes 988 and both Veterans Crisis Line entries on any match","duration":0.10529999999999973,"failureMessages":[],"meta":{},"tags":[]},{"ancestorTitles":["detectRisk"],"fullName":"detectRisk adds 911 first when plan or means is present","status":"passed","title":"adds 911 first when plan or means is present","duration":0.1127999999999929,"failureMessages":[],"meta":{},"tags":[]},{"ancestorTitles":["detectRisk"],"fullName":"detectRisk handles null and undefined","status":"passed","title":"handles null and undefined","duration":0.05200000000002092,"failureMessages":[],"meta":{},"tags":[]},{"ancestorTitles":["detectRiskInEntry"],"fullName":"detectRiskInEntry unions rule ids across fields and takes the highest level","status":"passed","title":"unions rule ids across fields and takes the highest level","duration":0.17130000000003065,"failureMessages":[],"meta":{},"tags":[]},{"ancestorTitles":["resourceCards"],"fullName":"resourceCards resolves ids to card content with the right numbers","status":"passed","title":"resolves ids to card content with the right numbers","duration":0.10309999999998354,"failureMessages":[],"meta":{},"tags":[]},{"ancestorTitles":["rule registry"],"fullName":"rule registry rule ids are unique and well-formed","status":"passed","title":"rule ids are unique and well-formed","duration":0.2615999999999872,"failureMessages":[],"meta":{},"tags":[]},{"ancestorTitles":["rule registry"],"fullName":"rule registry isKnownRuleId","status":"passed","title":"isKnownRuleId","duration":0.07320000000004256,"failureMessages":[],"meta":{},"tags":[]}],"startTime":1789416230663,"endTime":1789416230675.0732,"status":"passed","message":"","name":"C:/Github/ledger/packages/shared/test/crisis.test.ts"},{"assertionResults":[{"ancestorTitles":["discountRate"],"fullName":"discountRate averages the discount, not the answer","status":"passed","title":"averages the discount, not the answer","duration":0.9562999999999988,"failureMessages":[],"meta":{},"tags":[]},{"ancestorTitles":["discountRate"],"fullName":"discountRate leaves an unanswered question out of the mean rather than calling it a hundred","status":"passed","title":"leaves an unanswered question out of the mean rather than calling it a hundred","duration":0.14680000000001314,"failureMessages":[],"meta":{},"tags":[]},{"ancestorTitles":["discountRate"],"fullName":"discountRate is null with nothing answered, rather than zero","status":"passed","title":"is null with nothing answered, rather than zero","duration":0.120900000000006,"failureMessages":[],"meta":{},"tags":[]},{"ancestorTitles":["discountRate"],"fullName":"discountRate counts misses and partials as askable, and nothing else","status":"passed","title":"counts misses and partials as askable, and nothing else","duration":0.12760000000000105,"failureMessages":[],"meta":{},"tags":[]},{"ancestorTitles":["discountRate"],"fullName":"discountRate counts a miss at or below the threshold as dismissed, and a partial never","status":"passed","title":"counts a miss at or below the threshold as dismissed, and a partial never","duration":0.08809999999999718,"failureMessages":[],"meta":{},"tags":[]},{"ancestorTitles":["discountRate"],"fullName":"discountRate ignores deleted rows","status":"passed","title":"ignores deleted rows","duration":0.06749999999999545,"failureMessages":[],"meta":{},"tags":[]},{"ancestorTitles":["discountRate"],"fullName":"discountRate handles an empty ledger","status":"passed","title":"handles an empty ledger","duration":0.36770000000001346,"failureMessages":[],"meta":{},"tags":[]},{"ancestorTitles":["the ledger sentence"],"fullName":"the ledger sentence says nothing until there are enough answers to be a pattern","status":"passed","title":"says nothing until there are enough answers to be a pattern","duration":0.17480000000000473,"failureMessages":[],"meta":{},"tags":[]},{"ancestorTitles":["the ledger sentence"],"fullName":"the ledger sentence says nothing when nothing was dismissed","status":"passed","title":"says nothing when nothing was dismissed","duration":0.11349999999998772,"failureMessages":[],"meta":{},"tags":[]},{"ancestorTitles":["the ledger sentence"],"fullName":"the ledger sentence reports the count and stops there","status":"passed","title":"reports the count and stops there","duration":0.1950999999999965,"failureMessages":[],"meta":{},"tags":[]},{"ancestorTitles":["routing a discounted loud miss"],"fullName":"routing a discounted loud miss routes a loud miss the client wrote off","status":"passed","title":"routes a loud miss the client wrote off","duration":0.16200000000000614,"failureMessages":[],"meta":{},"tags":[]},{"ancestorTitles":["routing a discounted loud miss"],"fullName":"routing a discounted loud miss does not route a loud miss the client let count","status":"passed","title":"does not route a loud miss the client let count","duration":0.06880000000001019,"failureMessages":[],"meta":{},"tags":[]},{"ancestorTitles":["routing a discounted loud miss"],"fullName":"routing a discounted loud miss does not route when the question went unanswered","status":"passed","title":"does not route when the question went unanswered","duration":0.04249999999998977,"failureMessages":[],"meta":{},"tags":[]},{"ancestorTitles":["routing a discounted loud miss"],"fullName":"routing a discounted loud miss does not route a quiet miss however hard it was discounted","status":"passed","title":"does not route a quiet miss however hard it was discounted","duration":0.059800000000024056,"failureMessages":[],"meta":{},"tags":[]},{"ancestorTitles":["routing a discounted loud miss"],"fullName":"routing a discounted loud miss still routes everything it routed before","status":"passed","title":"still routes everything it routed before","duration":0.07529999999999859,"failureMessages":[],"meta":{},"tags":[]},{"ancestorTitles":["summarizeLedger"],"fullName":"summarizeLedger carries the discount alongside the calibration","status":"passed","title":"carries the discount alongside the calibration","duration":0.42439999999999145,"failureMessages":[],"meta":{},"tags":[]},{"ancestorTitles":["the schema refuses an answer nobody was asked for"],"fullName":"the schema refuses an answer nobody was asked for accepts a discount on a miss and on a partial","status":"passed","title":"accepts a discount on a miss and on a partial","duration":0.7223999999999933,"failureMessages":[],"meta":{},"tags":[]},{"ancestorTitles":["the schema refuses an answer nobody was asked for"],"fullName":"the schema refuses an answer nobody was asked for refuses one on a hit — sync validates with this schema, not the resolve input","status":"passed","title":"refuses one on a hit — sync validates with this schema, not the resolve input","duration":0.28059999999999263,"failureMessages":[],"meta":{},"tags":[]},{"ancestorTitles":["the schema refuses an answer nobody was asked for"],"fullName":"the schema refuses an answer nobody was asked for refuses one on an unclear verdict, and on a prediction that is still open","status":"passed","title":"refuses one on an unclear verdict, and on a prediction that is still open","duration":0.16720000000000823,"failureMessages":[],"meta":{},"tags":[]},{"ancestorTitles":["the schema refuses an answer nobody was asked for"],"fullName":"the schema refuses an answer nobody was asked for accepts a miss with no answer, because skipping is allowed","status":"passed","title":"accepts a miss with no answer, because skipping is allowed","duration":0.13219999999998322,"failureMessages":[],"meta":{},"tags":[]},{"ancestorTitles":["the schema refuses an answer nobody was asked for"],"fullName":"the schema refuses an answer nobody was asked for holds the range as well as the verdict rule","status":"passed","title":"holds the range as well as the verdict rule","duration":0.3088000000000193,"failureMessages":[],"meta":{},"tags":[]},{"ancestorTitles":["the proposal’s own fixture"],"fullName":"the proposal’s own fixture three misses at 100/50/0 give a rate of 50 and one dismissed","status":"passed","title":"three misses at 100/50/0 give a rate of 50 and one dismissed","duration":0.08379999999999654,"failureMessages":[],"meta":{},"tags":[]},{"ancestorTitles":["the proposal’s own fixture"],"fullName":"the proposal’s own fixture null answers are excluded from the mean and from the count","status":"passed","title":"null answers are excluded from the mean and from the count","duration":0.06690000000000396,"failureMessages":[],"meta":{},"tags":[]},{"ancestorTitles":["isLoudMiss is unchanged"],"fullName":"isLoudMiss is unchanged is true for a high-confidence, observed, present miss","status":"passed","title":"is true for a high-confidence, observed, present miss","duration":0.05150000000000432,"failureMessages":[],"meta":{},"tags":[]},{"ancestorTitles":["isLoudMiss is unchanged"],"fullName":"isLoudMiss is unchanged ignores counts_for entirely","status":"passed","title":"ignores counts_for entirely","duration":0.10890000000000555,"failureMessages":[],"meta":{},"tags":[]},{"ancestorTitles":["isLoudMiss is unchanged"],"fullName":"isLoudMiss is unchanged is false below the confidence threshold, on an inferred outcome, and on a blur","status":"passed","title":"is false below the confidence threshold, on an inferred outcome, and on a blur","duration":0.08780000000001564,"failureMessages":[],"meta":{},"tags":[]},{"ancestorTitles":["isLoudMiss is unchanged"],"fullName":"isLoudMiss is unchanged is false when the kit was present or the credit went elsewhere","status":"passed","title":"is false when the kit was present or the credit went elsewhere","duration":0.05889999999999418,"failureMessages":[],"meta":{},"tags":[]},{"ancestorTitles":["isLoudMiss is unchanged"],"fullName":"isLoudMiss is unchanged is false for anything that is not a scored miss","status":"passed","title":"is false for anything that is not a scored miss","duration":0.059699999999992315,"failureMessages":[],"meta":{},"tags":[]}],"startTime":1789416230661,"endTime":1789416230666.3088,"status":"passed","message":"","name":"C:/Github/ledger/packages/shared/test/discount.test.ts"},{"assertionResults":[{"ancestorTitles":["the floors"],"fullName":"the floors are 1–8, in order","status":"passed","title":"are 1–8, in order","duration":1.164999999999992,"failureMessages":[],"meta":{},"tags":[]},{"ancestorTitles":["the nine ported from the prototype"],"fullName":"the nine ported from the prototype the prototype still has nine, and all nine are still ported","status":"passed","title":"the prototype still has nine, and all nine are still ported","duration":0.5433999999999912,"failureMessages":[],"meta":{},"tags":[]},{"ancestorTitles":["the nine ported from the prototype"],"fullName":"the nine ported from the prototype match it exactly — text, weights and tags","status":"passed","title":"match it exactly — text, weights and tags","duration":0.7933000000000163,"failureMessages":[],"meta":{},"tags":[]},{"ancestorTitles":["the nine ported from the prototype"],"fullName":"the nine ported from the prototype keep the negative weight that pulls floor 3 down","status":"passed","title":"keep the negative weight that pulls floor 3 down","duration":0.08129999999999882,"failureMessages":[],"meta":{},"tags":[]},{"ancestorTitles":["the signs added from the Decision Aid"],"fullName":"the signs added from the Decision Aid take their wording from the Aid, not from us","status":"passed","title":"take their wording from the Aid, not from us","duration":0.3797999999999888,"failureMessages":[],"meta":{},"tags":[]},{"ancestorTitles":["the signs added from the Decision Aid"],"fullName":"the signs added from the Decision Aid give the every-time pattern the floor the Aid names","status":"passed","title":"give the every-time pattern the floor the Aid names","duration":0.10779999999999745,"failureMessages":[],"meta":{},"tags":[]},{"ancestorTitles":["the signs added from the Decision Aid"],"fullName":"the signs added from the Decision Aid halve the sign the flare is derived from, so the two cannot double-count","status":"passed","title":"halve the sign the flare is derived from, so the two cannot double-count","duration":0.12760000000000105,"failureMessages":[],"meta":{},"tags":[]},{"ancestorTitles":["the signs added from the Decision Aid"],"fullName":"the signs added from the Decision Aid record in this file that the flare weight is not the author’s","status":"passed","title":"record in this file that the flare weight is not the author’s","duration":0.25159999999999627,"failureMessages":[],"meta":{},"tags":[]},{"ancestorTitles":["observation ids"],"fullName":"observation ids are unique, stable names rather than positions","status":"passed","title":"are unique, stable names rather than positions","duration":0.2021999999999764,"failureMessages":[],"meta":{},"tags":[]},{"ancestorTitles":["observation ids"],"fullName":"observation ids recognise their own and refuse anything else","status":"passed","title":"recognise their own and refuse anything else","duration":0.12879999999998404,"failureMessages":[],"meta":{},"tags":[]},{"ancestorTitles":["observation ids"],"fullName":"observation ids report exactly which ids are unknown","status":"passed","title":"report exactly which ids are unknown","duration":0.10329999999999018,"failureMessages":[],"meta":{},"tags":[]},{"ancestorTitles":["scoreFloors"],"fullName":"scoreFloors locates nothing from nothing","status":"passed","title":"locates nothing from nothing","duration":0.12770000000000437,"failureMessages":[],"meta":{},"tags":[]},{"ancestorTitles":["scoreFloors"],"fullName":"scoreFloors sums the weights of the ticked signs","status":"passed","title":"sums the weights of the ticked signs","duration":0.07130000000000791,"failureMessages":[],"meta":{},"tags":[]},{"ancestorTitles":["scoreFloors"],"fullName":"scoreFloors ignores an unknown id rather than throwing","status":"passed","title":"ignores an unknown id rather than throwing","duration":0.06290000000001328,"failureMessages":[],"meta":{},"tags":[]},{"ancestorTitles":["scoreFloors"],"fullName":"scoreFloors always returns all eight floors","status":"passed","title":"always returns all eight floors","duration":0.06120000000001369,"failureMessages":[],"meta":{},"tags":[]},{"ancestorTitles":["locate"],"fullName":"locate lights 6 and 7 together on accurate insight, and pushes 3 down","status":"passed","title":"lights 6 and 7 together on accurate insight, and pushes 3 down","duration":0.14789999999999281,"failureMessages":[],"meta":{},"tags":[]},{"ancestorTitles":["locate"],"fullName":"locate puts a floor out of the lit set once the top pulls far enough ahead","status":"passed","title":"puts a floor out of the lit set once the top pulls far enough ahead","duration":0.10119999999997731,"failureMessages":[],"meta":{},"tags":[]},{"ancestorTitles":["locate"],"fullName":"locate the flare cannot change what accurate insight already decided","status":"passed","title":"the flare cannot change what accurate insight already decided","duration":0.07040000000000646,"failureMessages":[],"meta":{},"tags":[]},{"ancestorTitles":["locate"],"fullName":"locate the flare cannot out-vote a sign that names a floor outright","status":"passed","title":"the flare cannot out-vote a sign that names a floor outright","duration":0.04470000000000596,"failureMessages":[],"meta":{},"tags":[]},{"ancestorTitles":["locate"],"fullName":"locate the two floor-4 signs agree rather than compete","status":"passed","title":"the two floor-4 signs agree rather than compete","duration":0.04290000000000305,"failureMessages":[],"meta":{},"tags":[]},{"ancestorTitles":["locate"],"fullName":"locate locates nothing while a gate is open, whatever is ticked","status":"passed","title":"locates nothing while a gate is open, whatever is ticked","duration":0.056199999999989814,"failureMessages":[],"meta":{},"tags":[]},{"ancestorTitles":["gates"],"fullName":"gates are the three the locator attests","status":"passed","title":"are the three the locator attests","duration":0.04810000000000514,"failureMessages":[],"meta":{},"tags":[]},{"ancestorTitles":["gates"],"fullName":"gates clear only when all three are true","status":"passed","title":"clear only when all three are true","duration":0.08749999999997726,"failureMessages":[],"meta":{},"tags":[]},{"ancestorTitles":["re-aims"],"fullName":"re-aims names none on the first formulation","status":"passed","title":"names none on the first formulation","duration":0.07859999999999445,"failureMessages":[],"meta":{},"tags":[]},{"ancestorTitles":["re-aims"],"fullName":"re-aims counts the re-aims, not the versions","status":"passed","title":"counts the re-aims, not the versions","duration":0.06010000000000559,"failureMessages":[],"meta":{},"tags":[]},{"ancestorTitles":["re-aims"],"fullName":"re-aims puts the formulation on trial after the second re-aim","status":"passed","title":"puts the formulation on trial after the second re-aim","duration":0.04759999999998854,"failureMessages":[],"meta":{},"tags":[]}],"startTime":1789416230622,"endTime":1789416230628.0786,"status":"passed","message":"","name":"C:/Github/ledger/packages/shared/test/floors.test.ts"},{"assertionResults":[{"ancestorTitles":["sending the link"],"fullName":"sending the link asks for an email sign-in and carries the continue url","status":"passed","title":"asks for an email sign-in and carries the continue url","duration":16.09219999999999,"failureMessages":[],"meta":{},"tags":[]},{"ancestorTitles":["completing a sign-in"],"fullName":"completing a sign-in returns a session","status":"passed","title":"returns a session","duration":0.5471000000000004,"failureMessages":[],"meta":{},"tags":[]},{"ancestorTitles":["completing a sign-in"],"fullName":"completing a sign-in returns a challenge, not a session, when a second factor is enrolled","status":"passed","title":"returns a challenge, not a session, when a second factor is enrolled","duration":0.42349999999999,"failureMessages":[],"meta":{},"tags":[]},{"ancestorTitles":["completing a sign-in"],"fullName":"completing a sign-in refuses a response with no token and no challenge","status":"passed","title":"refuses a response with no token and no challenge","duration":0.858399999999989,"failureMessages":[],"meta":{},"tags":[]},{"ancestorTitles":["errors"],"fullName":"errors carries the provider code and never the body","status":"passed","title":"carries the provider code and never the body","duration":0.4370999999999867,"failureMessages":[],"meta":{},"tags":[]},{"ancestorTitles":["errors"],"fullName":"errors reports an unreachable provider without inventing a status","status":"passed","title":"reports an unreachable provider without inventing a status","duration":0.19110000000000582,"failureMessages":[],"meta":{},"tags":[]},{"ancestorTitles":["refresh"],"fullName":"refresh posts form-encoded and accepts a rotated refresh token","status":"passed","title":"posts form-encoded and accepts a rotated refresh token","duration":0.40289999999998827,"failureMessages":[],"meta":{},"tags":[]},{"ancestorTitles":["expiry"],"fullName":"expiry is a comparison against the stored instant","status":"passed","title":"is a comparison against the stored instant","duration":0.1494000000000142,"failureMessages":[],"meta":{},"tags":[]}],"startTime":1789416230581,"endTime":1789416230601.1494,"status":"passed","message":"","name":"C:/Github/ledger/packages/shared/test/identity-platform.test.ts"},{"assertionResults":[{"ancestorTitles":["uuidv7"],"fullName":"uuidv7 is a valid v7 uuid","status":"passed","title":"is a valid v7 uuid","duration":0.9870999999999981,"failureMessages":[],"meta":{},"tags":[]},{"ancestorTitles":["uuidv7"],"fullName":"uuidv7 encodes the timestamp and sorts by time","status":"passed","title":"encodes the timestamp and sorts by time","duration":0.2196999999999889,"failureMessages":[],"meta":{},"tags":[]},{"ancestorTitles":["uuidv7"],"fullName":"uuidv7 is unique","status":"passed","title":"is unique","duration":8.13590000000005,"failureMessages":[],"meta":{},"tags":[]}],"startTime":1789416230661,"endTime":1789416230671.136,"status":"passed","message":"","name":"C:/Github/ledger/packages/shared/test/ids.test.ts"},{"assertionResults":[{"ancestorTitles":["the boundary around published instruments"],"fullName":"the boundary around published instruments stores no item text and no item-level field, anywhere in the module","status":"passed","title":"stores no item text and no item-level field, anywhere in the module","duration":1.100999999999999,"failureMessages":[],"meta":{},"tags":[]},{"ancestorTitles":["the boundary around published instruments"],"fullName":"the boundary around published instruments interprets nothing: no severity bands, no cut-offs, no labels","status":"passed","title":"interprets nothing: no severity bands, no cut-offs, no labels","duration":0.26200000000000045,"failureMessages":[],"meta":{},"tags":[]},{"ancestorTitles":["the boundary around published instruments"],"fullName":"the boundary around published instruments keeps our own question ours","status":"passed","title":"keeps our own question ours","duration":0.19120000000000914,"failureMessages":[],"meta":{},"tags":[]},{"ancestorTitles":["the catalogue"],"fullName":"the catalogue has a spec for every instrument and no orphans","status":"passed","title":"has a spec for every instrument and no orphans","duration":0.5160000000000196,"failureMessages":[],"meta":{},"tags":[]},{"ancestorTitles":["the catalogue"],"fullName":"the catalogue gives every instrument a sane range and a source","status":"passed","title":"gives every instrument a sane range and a source","duration":0.3855000000000075,"failureMessages":[],"meta":{},"tags":[]},{"ancestorTitles":["the catalogue"],"fullName":"the catalogue gives the IMS its three published subscales and nothing else","status":"passed","title":"gives the IMS its three published subscales and nothing else","duration":0.11939999999998463,"failureMessages":[],"meta":{},"tags":[]},{"ancestorTitles":["the catalogue"],"fullName":"the catalogue recognises an instrument id","status":"passed","title":"recognises an instrument id","duration":0.12319999999999709,"failureMessages":[],"meta":{},"tags":[]},{"ancestorTitles":["the catalogue"],"fullName":"the catalogue names a subscale the instrument does not publish","status":"passed","title":"names a subscale the instrument does not publish","duration":0.1342000000000212,"failureMessages":[],"meta":{},"tags":[]},{"ancestorTitles":["measureSchema"],"fullName":"measureSchema accepts a total in range with published subscales","status":"passed","title":"accepts a total in range with published subscales","duration":0.49260000000001014,"failureMessages":[],"meta":{},"tags":[]},{"ancestorTitles":["measureSchema"],"fullName":"measureSchema rejects a total outside the published range, and says the range not the value","status":"passed","title":"rejects a total outside the published range, and says the range not the value","duration":0.46860000000000923,"failureMessages":[],"meta":{},"tags":[]},{"ancestorTitles":["measureSchema"],"fullName":"measureSchema rejects a subscale the instrument does not publish","status":"passed","title":"rejects a subscale the instrument does not publish","duration":0.13579999999998904,"failureMessages":[],"meta":{},"tags":[]},{"ancestorTitles":["measureSchema"],"fullName":"measureSchema rejects prose in a subscale value","status":"passed","title":"rejects prose in a subscale value","duration":0.21759999999997603,"failureMessages":[],"meta":{},"tags":[]},{"ancestorTitles":["measureSchema"],"fullName":"measureSchema accepts both ways a measure is administered and nothing else","status":"passed","title":"accepts both ways a measure is administered and nothing else","duration":0.14119999999999777,"failureMessages":[],"meta":{},"tags":[]}],"startTime":1789416230662,"endTime":1789416230666.2175,"status":"passed","message":"","name":"C:/Github/ledger/packages/shared/test/measures.test.ts"},{"assertionResults":[{"ancestorTitles":["the product name"],"fullName":"the product name is spelled CourageLoop everywhere it appears","status":"passed","title":"is spelled CourageLoop everywhere it appears","duration":46.70429999999999,"failureMessages":[],"meta":{},"tags":[]},{"ancestorTitles":["the product name"],"fullName":"the product name appears in the README","status":"passed","title":"appears in the README","duration":0.34739999999999327,"failureMessages":[],"meta":{},"tags":[]}],"startTime":1789416230563,"endTime":1789416230610.3474,"status":"passed","message":"","name":"C:/Github/ledger/packages/shared/test/name.test.ts"},{"assertionResults":[{"ancestorTitles":["predictionSchema"],"fullName":"predictionSchema accepts an open prediction","status":"passed","title":"accepts an open prediction","duration":1.516999999999996,"failureMessages":[],"meta":{},"tags":[]},{"ancestorTitles":["predictionSchema"],"fullName":"predictionSchema requires a verdict once resolved","status":"passed","title":"requires a verdict once resolved","duration":0.38630000000000564,"failureMessages":[],"meta":{},"tags":[]},{"ancestorTitles":["predictionSchema"],"fullName":"predictionSchema rejects resolved + abandoned","status":"passed","title":"rejects resolved + abandoned","duration":0.2021000000000015,"failureMessages":[],"meta":{},"tags":[]},{"ancestorTitles":["predictionSchema"],"fullName":"predictionSchema requires a reason when abandoned","status":"passed","title":"requires a reason when abandoned","duration":0.15569999999999595,"failureMessages":[],"meta":{},"tags":[]},{"ancestorTitles":["predictionSchema"],"fullName":"predictionSchema bounds confidence to 0–100 integers","status":"passed","title":"bounds confidence to 0–100 integers","duration":0.40270000000001005,"failureMessages":[],"meta":{},"tags":[]},{"ancestorTitles":["bodyStateSchema"],"fullName":"bodyStateSchema requires exactly the payload for its phase","status":"passed","title":"requires exactly the payload for its phase","duration":0.3580000000000041,"failureMessages":[],"meta":{},"tags":[]},{"ancestorTitles":["bodyStateSchema"],"fullName":"bodyStateSchema caps prose fields so paragraphs cannot land in the body record","status":"passed","title":"caps prose fields so paragraphs cannot land in the body record","duration":0.17080000000001405,"failureMessages":[],"meta":{},"tags":[]},{"ancestorTitles":["syncPushSchema"],"fullName":"syncPushSchema defaults every collection to empty","status":"passed","title":"defaults every collection to empty","duration":0.4158999999999935,"failureMessages":[],"meta":{},"tags":[]}],"startTime":1789416230665,"endTime":1789416230669.416,"status":"passed","message":"","name":"C:/Github/ledger/packages/shared/test/schemas.test.ts"},{"assertionResults":[{"ancestorTitles":["the tiers"],"fullName":"the tiers is the four the document names","status":"passed","title":"is the four the document names","duration":1.223700000000008,"failureMessages":[],"meta":{},"tags":[]},{"ancestorTitles":["the tiers"],"fullName":"the tiers ranks them so that a deeper tier always outranks a shallower one","status":"passed","title":"ranks them so that a deeper tier always outranks a shallower one","duration":0.24150000000000205,"failureMessages":[],"meta":{},"tags":[]},{"ancestorTitles":["the tiers"],"fullName":"the tiers names the fourth tier as the document names it, as one tier","status":"passed","title":"names the fourth tier as the document names it, as one tier","duration":0.5037000000000091,"failureMessages":[],"meta":{},"tags":[]},{"ancestorTitles":["the tiers"],"fullName":"the tiers marks Master and Deep as the capped tiers, which the app warns about","status":"passed","title":"marks Master and Deep as the capped tiers, which the app warns about","duration":0.10190000000000055,"failureMessages":[],"meta":{},"tags":[]},{"ancestorTitles":["the slug mirror"],"fullName":"the slug mirror recognises a slug and names the ones it does not","status":"passed","title":"recognises a slug and names the ones it does not","duration":0.18080000000000496,"failureMessages":[],"meta":{},"tags":[]},{"ancestorTitles":["the slug mirror"],"fullName":"the slug mirror holds slugs and nothing else — no names, no floors, no levers","status":"passed","title":"holds slugs and nothing else — no names, no floors, no levers","duration":0.22939999999999827,"failureMessages":[],"meta":{},"tags":[]},{"ancestorTitles":["coverage"],"fullName":"coverage reports all eight floors, deepest tier first, with the modalities reaching each","status":"passed","title":"reports all eight floors, deepest tier first, with the modalities reaching each","duration":0.7084000000000117,"failureMessages":[],"meta":{},"tags":[]},{"ancestorTitles":["coverage"],"fullName":"coverage names the levels the way the prompt does","status":"passed","title":"names the levels the way the prompt does","duration":0.14730000000000132,"failureMessages":[],"meta":{},"tags":[]},{"ancestorTitles":["coverage"],"fullName":"coverage puts a dimmer modality in the dimmer layer and on no floor","status":"passed","title":"puts a dimmer modality in the dimmer layer and on no floor","duration":0.12479999999999336,"failureMessages":[],"meta":{},"tags":[]},{"ancestorTitles":["coverage"],"fullName":"coverage lets a modality reach a floor and be a dimmer at the same time","status":"passed","title":"lets a modality reach a floor and be a dimmer at the same time","duration":0.15489999999999782,"failureMessages":[],"meta":{},"tags":[]},{"ancestorTitles":["coverage"],"fullName":"coverage ignores a slug the modalities do not define, rather than throwing","status":"passed","title":"ignores a slug the modalities do not define, rather than throwing","duration":0.09000000000000341,"failureMessages":[],"meta":{},"tags":[]},{"ancestorTitles":["coverage"],"fullName":"coverage handles an empty stack and an empty catalogue","status":"passed","title":"handles an empty stack and an empty catalogue","duration":0.23529999999999518,"failureMessages":[],"meta":{},"tags":[]},{"ancestorTitles":["the scope gate"],"fullName":"the scope gate is inside the stack at fluent or deeper","status":"passed","title":"is inside the stack at fluent or deeper","duration":0.10590000000001965,"failureMessages":[],"meta":{},"tags":[]},{"ancestorTitles":["the scope gate"],"fullName":"the scope gate is outside it at working literacy, and where nothing reaches","status":"passed","title":"is outside it at working literacy, and where nothing reaches","duration":0.06320000000002324,"failureMessages":[],"meta":{},"tags":[]},{"ancestorTitles":["the scope gate"],"fullName":"the scope gate says nothing to a clinician with no stack on file","status":"passed","title":"says nothing to a clinician with no stack on file","duration":0.03159999999999741,"failureMessages":[],"meta":{},"tags":[]},{"ancestorTitles":["the scope gate"],"fullName":"the scope gate says nothing when the locator has placed nothing","status":"passed","title":"says nothing when the locator has placed nothing","duration":0.02760000000000673,"failureMessages":[],"meta":{},"tags":[]},{"ancestorTitles":["the scope gate"],"fullName":"the scope gate maps levels to the annotation the same way every time","status":"passed","title":"maps levels to the annotation the same way every time","duration":0.057399999999972806,"failureMessages":[],"meta":{},"tags":[]},{"ancestorTitles":["the scope gate"],"fullName":"the scope gate uses the line the prompt specifies, verbatim","status":"passed","title":"uses the line the prompt specifies, verbatim","duration":0.03880000000000905,"failureMessages":[],"meta":{},"tags":[]},{"ancestorTitles":["the scope gate"],"fullName":"the scope gate never refuses: there is no function here that can return a failure","status":"passed","title":"never refuses: there is no function here that can return a failure","duration":0.035499999999984766,"failureMessages":[],"meta":{},"tags":[]},{"ancestorTitles":["the reading rules, as warnings"],"fullName":"the reading rules, as warnings says nothing about a stack that follows them","status":"passed","title":"says nothing about a stack that follows them","duration":0.16509999999999536,"failureMessages":[],"meta":{},"tags":[]},{"ancestorTitles":["the reading rules, as warnings"],"fullName":"the reading rules, as warnings warns about a second Master and a second Deep rather than refusing them","status":"passed","title":"warns about a second Master and a second Deep rather than refusing them","duration":0.0630000000000166,"failureMessages":[],"meta":{},"tags":[]},{"ancestorTitles":["the reading rules, as warnings"],"fullName":"the reading rules, as warnings names a missing Master, thin Fluents, gaps and a missing dimmer","status":"passed","title":"names a missing Master, thin Fluents, gaps and a missing dimmer","duration":0.06759999999999877,"failureMessages":[],"meta":{},"tags":[]},{"ancestorTitles":["the reading rules, as warnings"],"fullName":"the reading rules, as warnings says \"floor\" for one and \"floors\" for several","status":"passed","title":"says \"floor\" for one and \"floors\" for several","duration":0.06329999999999814,"failureMessages":[],"meta":{},"tags":[]},{"ancestorTitles":["the disclaimer"],"fullName":"the disclaimer is verbatim","status":"passed","title":"is verbatim","duration":0.041300000000006776,"failureMessages":[],"meta":{},"tags":[]}],"startTime":1789416230621,"endTime":1789416230626.0632,"status":"passed","message":"","name":"C:/Github/ledger/packages/shared/test/stack.test.ts"}]}