{"numTotalTestSuites":26,"numPassedTestSuites":26,"numFailedTestSuites":0,"numPendingTestSuites":0,"numTotalTests":95,"numPassedTests":94,"numFailedTests":0,"numPendingTests":1,"numTodoTests":0,"snapshot":{"added":0,"failure":false,"filesAdded":0,"filesRemoved":0,"filesRemovedList":[],"filesUnmatched":0,"filesUpdated":0,"matched":0,"total":0,"unchecked":0,"uncheckedKeysByFile":[],"unmatched":0,"updated":0,"didUpdate":false},"startTime":1789416234822,"success":true,"testResults":[{"assertionResults":[{"ancestorTitles":["next build prerenders every route"],"fullName":"next build prerenders every route emits an HTML file for every published source document","status":"passed","title":"emits an HTML file for every published source document","duration":21.146600000000007,"failureMessages":[],"meta":{},"tags":[]},{"ancestorTitles":["next build prerenders every route"],"fullName":"next build prerenders every route emits an HTML file for every index route","status":"passed","title":"emits an HTML file for every index route","duration":0.4194999999999993,"failureMessages":[],"meta":{},"tags":[]},{"ancestorTitles":["next build prerenders every route"],"fullName":"next build prerenders every route prerenders all thirteen protocols, all eight floors and every tool","status":"passed","title":"prerenders all thirteen protocols, all eight floors and every tool","duration":0.6480999999999995,"failureMessages":[],"meta":{},"tags":[]},{"ancestorTitles":["next build prerenders every route"],"fullName":"next build prerenders every route put the documents into the HTML, not a loading state","status":"passed","title":"put the documents into the HTML, not a loading state","duration":1.7831999999999937,"failureMessages":[],"meta":{},"tags":[]},{"ancestorTitles":["next build prerenders every route"],"fullName":"next build prerenders every route leaves no unrendered Obsidian syntax in any page","status":"passed","title":"leaves no unrendered Obsidian syntax in any page","duration":19.13149999999999,"failureMessages":[],"meta":{},"tags":[]},{"ancestorTitles":["next build prerenders every route"],"fullName":"next build prerenders every route copied every figure into public/theory","status":"passed","title":"copied every figure into public/theory","duration":0.4462000000000046,"failureMessages":[],"meta":{},"tags":[]},{"ancestorTitles":["build output"],"fullName":"build output is absent — run `pnpm --filter @ledger/clinician build` to check prerendering","status":"skipped","title":"is absent — run `pnpm --filter @ledger/clinician build` to check prerendering","failureMessages":[],"meta":{},"tags":[]}],"startTime":1789416235042,"endTime":1789416235085.4463,"status":"passed","message":"","name":"C:/Github/ledger/apps/clinician/test/build.test.ts"},{"assertionResults":[{"ancestorTitles":["references"],"fullName":"references has unique keys","status":"passed","title":"has unique keys","duration":0.8376999999999839,"failureMessages":[],"meta":{},"tags":[]},{"ancestorTitles":["references"],"fullName":"references still holds every entry the memo cited, unchanged","status":"passed","title":"still holds every entry the memo cited, unchanged","duration":1.265800000000013,"failureMessages":[],"meta":{},"tags":[]},{"ancestorTitles":["references"],"fullName":"references every entry carries a ledger tier or is marked unverified","status":"passed","title":"every entry carries a ledger tier or is marked unverified","duration":5.988799999999998,"failureMessages":[],"meta":{},"tags":[]},{"ancestorTitles":["references"],"fullName":"references only uses tiers the ledger defines","status":"passed","title":"only uses tiers the ledger defines","duration":0.7423000000000002,"failureMessages":[],"meta":{},"tags":[]},{"ancestorTitles":["references"],"fullName":"references resolves every key cited by a content block","status":"passed","title":"resolves every key cited by a content block","duration":0.9276000000000124,"failureMessages":[],"meta":{},"tags":[]},{"ancestorTitles":["references"],"fullName":"references throws on an unknown key rather than rendering a blank citation","status":"passed","title":"throws on an unknown key rather than rendering a blank citation","duration":0.17799999999999727,"failureMessages":[],"meta":{},"tags":[]},{"ancestorTitles":["floors"],"fullName":"floors has entries 1–8, in order, matching the shared vocabulary","status":"passed","title":"has entries 1–8, in order, matching the shared vocabulary","duration":0.5660000000000025,"failureMessages":[],"meta":{},"tags":[]},{"ancestorTitles":["floors"],"fullName":"floors has every field non-empty","status":"passed","title":"has every field non-empty","duration":0.4749999999999943,"failureMessages":[],"meta":{},"tags":[]},{"ancestorTitles":["floors"],"fullName":"floors floor 8 routes no protocols; every other floor routes at least one","status":"passed","title":"floor 8 routes no protocols; every other floor routes at least one","duration":0.18199999999998795,"failureMessages":[],"meta":{},"tags":[]},{"ancestorTitles":["floors"],"fullName":"floors carries the locator’s lives/reach/falsify text verbatim","status":"passed","title":"carries the locator’s lives/reach/falsify text verbatim","duration":0.6922999999999888,"failureMessages":[],"meta":{},"tags":[]},{"ancestorTitles":["floors"],"fullName":"floors carries each floor’s warning from the locator","status":"passed","title":"carries each floor’s warning from the locator","duration":0.5536999999999921,"failureMessages":[],"meta":{},"tags":[]},{"ancestorTitles":["observations"],"fullName":"observations weights reference only floors 1–8","status":"passed","title":"weights reference only floors 1–8","duration":0.5274000000000001,"failureMessages":[],"meta":{},"tags":[]},{"ancestorTitles":["observations"],"fullName":"observations says under gate 3 that the environment question is asked twice","status":"passed","title":"says under gate 3 that the environment question is asked twice","duration":0.1338000000000079,"failureMessages":[],"meta":{},"tags":[]},{"ancestorTitles":["observations"],"fullName":"observations has the three gates the reference file has","status":"passed","title":"has the three gates the reference file has","duration":0.4766999999999939,"failureMessages":[],"meta":{},"tags":[]},{"ancestorTitles":["the weights are not duplicated here"],"fullName":"the weights are not duplicated here this app holds no second copy of the signs or the scoring","status":"passed","title":"this app holds no second copy of the signs or the scoring","duration":0.22509999999999764,"failureMessages":[],"meta":{},"tags":[]},{"ancestorTitles":["the weights are not duplicated here"],"fullName":"the weights are not duplicated here uses the shared list, and the shared list is the one the sources fix","status":"passed","title":"uses the shared list, and the shared list is the one the sources fix","duration":0.07130000000000791,"failureMessages":[],"meta":{},"tags":[]},{"ancestorTitles":["warnings"],"fullName":"warnings floor 8 gets the substrate warning","status":"passed","title":"floor 8 gets the substrate warning","duration":0.12700000000000955,"failureMessages":[],"meta":{},"tags":[]},{"ancestorTitles":["warnings"],"fullName":"warnings floor 3 warns about 6/7 only when they also score","status":"passed","title":"floor 3 warns about 6/7 only when they also score","duration":0.09000000000000341,"failureMessages":[],"meta":{},"tags":[]},{"ancestorTitles":["warnings"],"fullName":"warnings floors 6 and 7 get the flooding warning","status":"passed","title":"floors 6 and 7 get the flooding warning","duration":0.06569999999999254,"failureMessages":[],"meta":{},"tags":[]},{"ancestorTitles":["warnings"],"fullName":"warnings everything else gets the origin-versus-maintenance warning","status":"passed","title":"everything else gets the origin-versus-maintenance warning","duration":0.06829999999999359,"failureMessages":[],"meta":{},"tags":[]},{"ancestorTitles":["protocols"],"fullName":"protocols is exactly the thirteen","status":"passed","title":"is exactly the thirteen","duration":0.0876999999999839,"failureMessages":[],"meta":{},"tags":[]},{"ancestorTitles":["protocols"],"fullName":"protocols has unique slugs","status":"passed","title":"has unique slugs","duration":0.04349999999999454,"failureMessages":[],"meta":{},"tags":[]},{"ancestorTitles":["protocols"],"fullName":"protocols every protocol name the locator routes to resolves to a protocol","status":"passed","title":"every protocol name the locator routes to resolves to a protocol","duration":0.16989999999998417,"failureMessages":[],"meta":{},"tags":[]},{"ancestorTitles":["protocols"],"fullName":"protocols routes the clinical note from floor 4, which the locator does not do","status":"passed","title":"routes the clinical note from floor 4, which the locator does not do","duration":0.14750000000000796,"failureMessages":[],"meta":{},"tags":[]},{"ancestorTitles":["protocols"],"fullName":"protocols adds nothing to any other floor’s routing","status":"passed","title":"adds nothing to any other floor’s routing","duration":0.132000000000005,"failureMessages":[],"meta":{},"tags":[]},{"ancestorTitles":["modalities"],"fullName":"modalities has the core six and the eleven canon rows","status":"passed","title":"has the core six and the eleven canon rows","duration":0.0969000000000051,"failureMessages":[],"meta":{},"tags":[]},{"ancestorTitles":["modalities"],"fullName":"modalities every home-floor reference is a floor 1–8 or a named qualifier","status":"passed","title":"every home-floor reference is a floor 1–8 or a named qualifier","duration":0.6289999999999907,"failureMessages":[],"meta":{},"tags":[]},{"ancestorTitles":["modalities"],"fullName":"modalities keeps range and qualifier text rather than flattening it","status":"passed","title":"keeps range and qualifier text rather than flattening it","duration":0.12340000000000373,"failureMessages":[],"meta":{},"tags":[]},{"ancestorTitles":["modalities"],"fullName":"modalities every technique floor cell references only floors 1–8","status":"passed","title":"every technique floor cell references only floors 1–8","duration":2.0250000000000057,"failureMessages":[],"meta":{},"tags":[]},{"ancestorTitles":["modalities"],"fullName":"modalities never truncates the \"when it fails\" column","status":"passed","title":"never truncates the \"when it fails\" column","duration":25.15979999999999,"failureMessages":[],"meta":{},"tags":[]},{"ancestorTitles":["modalities"],"fullName":"modalities every technique row is in the source document","status":"passed","title":"every technique row is in the source document","duration":1.6116999999999848,"failureMessages":[],"meta":{},"tags":[]},{"ancestorTitles":["modalities"],"fullName":"modalities has unique section slugs, and every section heading is in the source","status":"passed","title":"has unique section slugs, and every section heading is in the source","duration":0.6918000000000006,"failureMessages":[],"meta":{},"tags":[]},{"ancestorTitles":["modalities"],"fullName":"modalities links every summary-table section to a section that exists","status":"passed","title":"links every summary-table section to a section that exists","duration":0.17009999999999081,"failureMessages":[],"meta":{},"tags":[]},{"ancestorTitles":["modalities"],"fullName":"modalities derives the per-floor modality list from the tables","status":"passed","title":"derives the per-floor modality list from the tables","duration":0.6741999999999848,"failureMessages":[],"meta":{},"tags":[]},{"ancestorTitles":["modalities"],"fullName":"modalities the top-level sections are the ones the source runs deep","status":"passed","title":"the top-level sections are the ones the source runs deep","duration":0.10960000000000036,"failureMessages":[],"meta":{},"tags":[]},{"ancestorTitles":["model"],"fullName":"model cites at least one source per block, and every block has a body","status":"passed","title":"cites at least one source per block, and every block has a body","duration":0.5727999999999724,"failureMessages":[],"meta":{},"tags":[]},{"ancestorTitles":["inviteUrl"],"fullName":"inviteUrl puts the token in the fragment, never the path or a query","status":"passed","title":"puts the token in the fragment, never the path or a query","duration":0.116800000000012,"failureMessages":[],"meta":{},"tags":[]},{"ancestorTitles":["inviteUrl"],"fullName":"inviteUrl does not double the slash when the base has a trailing one","status":"passed","title":"does not double the slash when the base has a trailing one","duration":0.06929999999999836,"failureMessages":[],"meta":{},"tags":[]},{"ancestorTitles":["inviteUrl"],"fullName":"inviteUrl leaves a base64url token untouched","status":"passed","title":"leaves a base64url token untouched","duration":0.040899999999965075,"failureMessages":[],"meta":{},"tags":[]},{"ancestorTitles":["STACK_MODALITIES"],"fullName":"STACK_MODALITIES is exactly the slug set the API accepts","status":"passed","title":"is exactly the slug set the API accepts","duration":0.06639999999998736,"failureMessages":[],"meta":{},"tags":[]},{"ancestorTitles":["STACK_MODALITIES"],"fullName":"STACK_MODALITIES gives every modality a unique slug and a name with no markdown left in it","status":"passed","title":"gives every modality a unique slug and a name with no markdown left in it","duration":0.2828000000000088,"failureMessages":[],"meta":{},"tags":[]},{"ancestorTitles":["STACK_MODALITIES"],"fullName":"STACK_MODALITIES takes its floors from the home-floors column, ranges expanded","status":"passed","title":"takes its floors from the home-floors column, ranges expanded","duration":0.052700000000015734,"failureMessages":[],"meta":{},"tags":[]},{"ancestorTitles":["STACK_MODALITIES"],"fullName":"STACK_MODALITIES gives the qualifiers no floor and puts them in the dimmer layer","status":"passed","title":"gives the qualifiers no floor and puts them in the dimmer layer","duration":0.07279999999997244,"failureMessages":[],"meta":{},"tags":[]},{"ancestorTitles":["STACK_MODALITIES"],"fullName":"STACK_MODALITIES unions the two tables where a modality appears in both","status":"passed","title":"unions the two tables where a modality appears in both","duration":0.03570000000001983,"failureMessages":[],"meta":{},"tags":[]},{"ancestorTitles":["STACK_MODALITIES"],"fullName":"STACK_MODALITIES reaches every floor between them, which is the coverage claim","status":"passed","title":"reaches every floor between them, which is the coverage claim","duration":0.04879999999997153,"failureMessages":[],"meta":{},"tags":[]},{"ancestorTitles":["STACK_MODALITIES"],"fullName":"STACK_MODALITIES holds no floors of its own: every one is derivable from the source rows","status":"passed","title":"holds no floors of its own: every one is derivable from the source rows","duration":0.31059999999996535,"failureMessages":[],"meta":{},"tags":[]}],"startTime":1789416235083,"endTime":1789416235131.3105,"status":"passed","message":"","name":"C:/Github/ledger/apps/clinician/test/content.test.ts"},{"assertionResults":[{"ancestorTitles":["the source registry"],"fullName":"the source registry finds every document","status":"passed","title":"finds every document","duration":1.3987999999999943,"failureMessages":[],"meta":{},"tags":[]},{"ancestorTitles":["the source registry"],"fullName":"the source registry routes every tool the author has put in tools/, not a fixed list","status":"passed","title":"routes every tool the author has put in tools/, not a fixed list","duration":0.4899000000000342,"failureMessages":[],"meta":{},"tags":[]},{"ancestorTitles":["the source registry"],"fullName":"the source registry routes each kind to its page","status":"passed","title":"routes each kind to its page","duration":0.1693000000000211,"failureMessages":[],"meta":{},"tags":[]},{"ancestorTitles":["the source registry"],"fullName":"the source registry reads the clinical note as a clinical note, from its own frontmatter","status":"passed","title":"reads the clinical note as a clinical note, from its own frontmatter","duration":0.09629999999998518,"failureMessages":[],"meta":{},"tags":[]},{"ancestorTitles":["the source registry"],"fullName":"the source registry every floor 1-8 has a note","status":"passed","title":"every floor 1-8 has a note","duration":0.1372000000000071,"failureMessages":[],"meta":{},"tags":[]},{"ancestorTitles":["drafts"],"fullName":"drafts reads the status line the author writes, not a list kept here","status":"passed","title":"reads the status line the author writes, not a list kept here","duration":0.1249000000000251,"failureMessages":[],"meta":{},"tags":[]},{"ancestorTitles":["drafts"],"fullName":"drafts excludes the syndrome crosswalk, which says it is a draft","status":"passed","title":"excludes the syndrome crosswalk, which says it is a draft","duration":0.1470000000000482,"failureMessages":[],"meta":{},"tags":[]},{"ancestorTitles":["drafts"],"fullName":"drafts keeps drafts out of the corpus the assistant may quote","status":"passed","title":"keeps drafts out of the corpus the assistant may quote","duration":0.17020000000002256,"failureMessages":[],"meta":{},"tags":[]},{"ancestorTitles":["drafts"],"fullName":"drafts routes the training stack, which is finished","status":"passed","title":"routes the training stack, which is finished","duration":0.08429999999998472,"failureMessages":[],"meta":{},"tags":[]},{"ancestorTitles":["drafts"],"fullName":"drafts gives no draft a route, whatever directory it is in","status":"passed","title":"gives no draft a route, whatever directory it is in","duration":0.09109999999998308,"failureMessages":[],"meta":{},"tags":[]},{"ancestorTitles":["drafts"],"fullName":"drafts keeps the locating assistant’s answer key out of the corpus","status":"passed","title":"keeps the locating assistant’s answer key out of the corpus","duration":0.14080000000001291,"failureMessages":[],"meta":{},"tags":[]},{"ancestorTitles":["drafts"],"fullName":"drafts sourcesIn hides drafts and allSourcesIn does not","status":"passed","title":"sourcesIn hides drafts and allSourcesIn does not","duration":0.125,"failureMessages":[],"meta":{},"tags":[]},{"ancestorTitles":["wikilinks"],"fullName":"wikilinks every target in every document resolves or is a known vault document","status":"passed","title":"every target in every document resolves or is a known vault document","duration":9.362900000000025,"failureMessages":[],"meta":{},"tags":[]},{"ancestorTitles":["wikilinks"],"fullName":"wikilinks resolves the forms the corpus actually uses","status":"passed","title":"resolves the forms the corpus actually uses","duration":0.3783000000000243,"failureMessages":[],"meta":{},"tags":[]},{"ancestorTitles":["wikilinks"],"fullName":"wikilinks reads the escaped pipe Obsidian uses inside table cells","status":"passed","title":"reads the escaped pipe Obsidian uses inside table cells","duration":0.07029999999997472,"failureMessages":[],"meta":{},"tags":[]},{"ancestorTitles":["wikilinks"],"fullName":"wikilinks reads a link wrapped across two lines","status":"passed","title":"reads a link wrapped across two lines","duration":0.03840000000002419,"failureMessages":[],"meta":{},"tags":[]},{"ancestorTitles":["wikilinks"],"fullName":"wikilinks every entry in EXPECTED_UNRESOLVED is actually still referenced","status":"passed","title":"every entry in EXPECTED_UNRESOLVED is actually still referenced","duration":0.9386000000000081,"failureMessages":[],"meta":{},"tags":[]},{"ancestorTitles":["figures"],"fullName":"figures every embed in a published document resolves to a file, or is a known gap","status":"passed","title":"every embed in a published document resolves to a file, or is a known gap","duration":466.9935,"failureMessages":[],"meta":{},"tags":[]},{"ancestorTitles":["figures"],"fullName":"figures no figure is missing any more","status":"passed","title":"no figure is missing any more","duration":0.15469999999993433,"failureMessages":[],"meta":{},"tags":[]},{"ancestorTitles":["figures"],"fullName":"figures every figure on disk is referenced by at least one document","status":"passed","title":"every figure on disk is referenced by at least one document","duration":0.6706000000000358,"failureMessages":[],"meta":{},"tags":[]},{"ancestorTitles":["figures"],"fullName":"figures serves them from public/theory","status":"passed","title":"serves them from public/theory","duration":17.505499999999984,"failureMessages":[],"meta":{},"tags":[]},{"ancestorTitles":["rendering"],"fullName":"rendering renders every published document without dropping its headings","status":"passed","title":"renders every published document without dropping its headings","duration":414.1267,"failureMessages":[],"meta":{},"tags":[]},{"ancestorTitles":["rendering"],"fullName":"rendering gives every H2 an id the table of contents can reach","status":"passed","title":"gives every H2 an id the table of contents can reach","duration":16.405500000000075,"failureMessages":[],"meta":{},"tags":[]},{"ancestorTitles":["rendering"],"fullName":"rendering renders tables, because the Pin targets sections are tables","status":"passed","title":"renders tables, because the Pin targets sections are tables","duration":14.470599999999877,"failureMessages":[],"meta":{},"tags":[]},{"ancestorTitles":["rendering"],"fullName":"rendering renders Obsidian callouts as aside blocks","status":"passed","title":"renders Obsidian callouts as aside blocks","duration":7.474300000000085,"failureMessages":[],"meta":{},"tags":[]},{"ancestorTitles":["rendering"],"fullName":"rendering leaves the one fenced code block alone","status":"passed","title":"leaves the one fenced code block alone","duration":6.2496000000001,"failureMessages":[],"meta":{},"tags":[]},{"ancestorTitles":["rendering"],"fullName":"rendering turns an unresolved target into its label, not a broken link","status":"passed","title":"turns an unresolved target into its label, not a broken link","duration":14.272499999999809,"failureMessages":[],"meta":{},"tags":[]},{"ancestorTitles":["rendering"],"fullName":"rendering pulls a named section out for the protocols index","status":"passed","title":"pulls a named section out for the protocols index","duration":0.2767999999998665,"failureMessages":[],"meta":{},"tags":[]}],"startTime":1789416235195,"endTime":1789416236168.2769,"status":"passed","message":"","name":"C:/Github/ledger/apps/clinician/test/markdown.test.ts"},{"assertionResults":[{"ancestorTitles":["the generated list still matches the sources"],"fullName":"the generated list still matches the sources regenerates identically — run `pnpm build:references` if this fails","status":"passed","title":"regenerates identically — run `pnpm build:references` if this fails","duration":7.6404,"failureMessages":[],"meta":{},"tags":[]},{"ancestorTitles":["the ledger, as parsed"],"fullName":"the ledger, as parsed has the 49 rows of the signed pass, plus the four later entries","status":"passed","title":"has the 49 rows of the signed pass, plus the four later entries","duration":1.2439999999999998,"failureMessages":[],"meta":{},"tags":[]},{"ancestorTitles":["the ledger, as parsed"],"fullName":"the ledger, as parsed gives every row of the signed pass a tier","status":"passed","title":"gives every row of the signed pass a tier","duration":0.7043999999999926,"failureMessages":[],"meta":{},"tags":[]},{"ancestorTitles":["the ledger, as parsed"],"fullName":"the ledger, as parsed leaves exactly the four the ledger itself calls pending or unverified","status":"passed","title":"leaves exactly the four the ledger itself calls pending or unverified","duration":0.24549999999999272,"failureMessages":[],"meta":{},"tags":[]},{"ancestorTitles":["every work cited across the corpus is in the list"],"fullName":"every work cited across the corpus is in the list every Pin targets lead in every protocol, by its own name or its ledger row","status":"passed","title":"every Pin targets lead in every protocol, by its own name or its ledger row","duration":0.779200000000003,"failureMessages":[],"meta":{},"tags":[]},{"ancestorTitles":["every work cited across the corpus is in the list"],"fullName":"every work cited across the corpus is in the list every ledger reference","status":"passed","title":"every ledger reference","duration":0.8515999999999906,"failureMessages":[],"meta":{},"tags":[]},{"ancestorTitles":["every work cited across the corpus is in the list"],"fullName":"every work cited across the corpus is in the list records which protocols cite each work, on the ledger row where there is one","status":"passed","title":"records which protocols cite each work, on the ledger row where there is one","duration":0.4157000000000153,"failureMessages":[],"meta":{},"tags":[]},{"ancestorTitles":["tiers are read off the ledger, never invented"],"fullName":"tiers are read off the ledger, never invented every tier on an entry is the tier the ledger gives that row","status":"passed","title":"every tier on an entry is the tier the ledger gives that row","duration":0.49559999999999604,"failureMessages":[],"meta":{},"tags":[]},{"ancestorTitles":["tiers are read off the ledger, never invented"],"fullName":"tiers are read off the ledger, never invented does not claim a match on surname alone","status":"passed","title":"does not claim a match on surname alone","duration":0.19389999999998508,"failureMessages":[],"meta":{},"tags":[]},{"ancestorTitles":["tiers are read off the ledger, never invented"],"fullName":"tiers are read off the ledger, never invented does not guess which work a bare surname means","status":"passed","title":"does not guess which work a bare surname means","duration":0.1658000000000186,"failureMessages":[],"meta":{},"tags":[]},{"ancestorTitles":["tiers are read off the ledger, never invented"],"fullName":"tiers are read off the ledger, never invented does match when every surname in the lead is in the row","status":"passed","title":"does match when every surname in the lead is in the row","duration":0.11129999999999995,"failureMessages":[],"meta":{},"tags":[]},{"ancestorTitles":["the unverified mark"],"fullName":"the unverified mark covers every entry without a tier, and only those","status":"passed","title":"covers every entry without a tier, and only those","duration":0.9399999999999977,"failureMessages":[],"meta":{},"tags":[]},{"ancestorTitles":["the unverified mark"],"fullName":"the unverified mark is the wording the pages render","status":"passed","title":"is the wording the pages render","duration":0.05580000000000496,"failureMessages":[],"meta":{},"tags":[]},{"ancestorTitles":["the unverified mark"],"fullName":"the unverified mark marks every protocol citation the ledger does not reach","status":"passed","title":"marks every protocol citation the ledger does not reach","duration":0.06010000000000559,"failureMessages":[],"meta":{},"tags":[]}],"startTime":1789416235080,"endTime":1789416235095.06,"status":"passed","message":"","name":"C:/Github/ledger/apps/clinician/test/references.test.ts"}]}