{"numTotalTestSuites":4,"numPassedTestSuites":4,"numFailedTestSuites":0,"numPendingTestSuites":0,"numTotalTests":16,"numPassedTests":16,"numFailedTests":0,"numPendingTests":0,"numTodoTests":0,"snapshot":{"added":0,"failure":false,"filesAdded":0,"filesRemoved":0,"filesRemovedList":[],"filesUnmatched":0,"filesUpdated":0,"matched":0,"total":0,"unchecked":0,"uncheckedKeysByFile":[],"unmatched":0,"updated":0,"didUpdate":false},"startTime":1789407386308,"success":true,"testResults":[{"assertionResults":[{"ancestorTitles":["loadConfig"],"fullName":"loadConfig accepts the minimal environment","status":"passed","title":"accepts the minimal environment","duration":1.8633000000000095,"failureMessages":[],"meta":{},"tags":[]},{"ancestorTitles":["loadConfig"],"fullName":"loadConfig treats an empty SUPABASE_JWT_SECRET as unset","status":"passed","title":"treats an empty SUPABASE_JWT_SECRET as unset","duration":0.24039999999999395,"failureMessages":[],"meta":{},"tags":[]},{"ancestorTitles":["loadConfig"],"fullName":"loadConfig treats an empty SUPABASE_URL as unset","status":"passed","title":"treats an empty SUPABASE_URL as unset","duration":0.15279999999998495,"failureMessages":[],"meta":{},"tags":[]},{"ancestorTitles":["loadConfig"],"fullName":"loadConfig treats an empty SUPABASE_JWKS_URL as unset","status":"passed","title":"treats an empty SUPABASE_JWKS_URL as unset","duration":0.12510000000000332,"failureMessages":[],"meta":{},"tags":[]},{"ancestorTitles":["loadConfig"],"fullName":"loadConfig treats an empty DATABASE_MIGRATE_URL as unset","status":"passed","title":"treats an empty DATABASE_MIGRATE_URL as unset","duration":0.12000000000000455,"failureMessages":[],"meta":{},"tags":[]},{"ancestorTitles":["loadConfig"],"fullName":"loadConfig treats an empty SENTRY_DSN as unset","status":"passed","title":"treats an empty SENTRY_DSN as unset","duration":0.08750000000000568,"failureMessages":[],"meta":{},"tags":[]},{"ancestorTitles":["loadConfig"],"fullName":"loadConfig still rejects a value that is present and wrong","status":"passed","title":"still rejects a value that is present and wrong","duration":0.7620000000000005,"failureMessages":[],"meta":{},"tags":[]},{"ancestorTitles":["loadConfig"],"fullName":"loadConfig still rejects a missing required value","status":"passed","title":"still rejects a missing required value","duration":0.2295000000000016,"failureMessages":[],"meta":{},"tags":[]},{"ancestorTitles":["loadConfig"],"fullName":"loadConfig never puts a value in the error message","status":"passed","title":"never puts a value in the error message","duration":0.25549999999998363,"failureMessages":[],"meta":{},"tags":[]}],"startTime":1789407386465,"endTime":1789407386468.2556,"status":"passed","message":"","name":"C:/Github/ledger/packages/api/test/config.test.ts"},{"assertionResults":[{"ancestorTitles":["the runtime image"],"fullName":"the runtime image copies docs/theory, which the assistant reads at boot","status":"passed","title":"copies docs/theory, which the assistant reads at boot","duration":0.802800000000019,"failureMessages":[],"meta":{},"tags":[]},{"ancestorTitles":["the runtime image"],"fullName":"the runtime image copies docs/legal, which the BAA version is read from","status":"passed","title":"copies docs/legal, which the BAA version is read from","duration":0.12459999999998672,"failureMessages":[],"meta":{},"tags":[]},{"ancestorTitles":["the runtime image"],"fullName":"the runtime image sets DOCS_ROOT so they can be found without a workspace file","status":"passed","title":"sets DOCS_ROOT so they can be found without a workspace file","duration":0.21240000000000236,"failureMessages":[],"meta":{},"tags":[]},{"ancestorTitles":["the runtime image"],"fullName":"the runtime image does not exclude docs from the build context","status":"passed","title":"does not exclude docs from the build context","duration":0.3783999999999992,"failureMessages":[],"meta":{},"tags":[]},{"ancestorTitles":["the runtime image"],"fullName":"the runtime image the clinician image carries the assets standalone does not trace","status":"passed","title":"the clinician image carries the assets standalone does not trace","duration":0.3219999999999743,"failureMessages":[],"meta":{},"tags":[]},{"ancestorTitles":["the runtime image"],"fullName":"the runtime image the web image carries its nginx config and the built app","status":"passed","title":"the web image carries its nginx config and the built app","duration":0.24430000000000973,"failureMessages":[],"meta":{},"tags":[]},{"ancestorTitles":["the runtime image"],"fullName":"the runtime image copies the directories the readers actually name","status":"passed","title":"copies the directories the readers actually name","duration":0.23269999999999413,"failureMessages":[],"meta":{},"tags":[]}],"startTime":1789407386634,"endTime":1789407386636.2444,"status":"passed","message":"","name":"C:/Github/ledger/packages/api/test/image-contents.test.ts"}]}