{"numTotalTestSuites":4,"numPassedTestSuites":4,"numFailedTestSuites":0,"numPendingTestSuites":0,"numTotalTests":15,"numPassedTests":15,"numFailedTests":0,"numPendingTests":0,"numTodoTests":0,"snapshot":{"added":0,"failure":false,"filesAdded":0,"filesRemoved":0,"filesRemovedList":[],"filesUnmatched":0,"filesUpdated":0,"matched":0,"total":0,"unchecked":0,"uncheckedKeysByFile":[],"unmatched":0,"updated":0,"didUpdate":false},"startTime":1789416238107,"success":true,"testResults":[{"assertionResults":[{"ancestorTitles":["loadConfig"],"fullName":"loadConfig accepts the minimal environment","status":"passed","title":"accepts the minimal environment","duration":3.22969999999998,"failureMessages":[],"meta":{},"tags":[]},{"ancestorTitles":["loadConfig"],"fullName":"loadConfig treats an empty SUPABASE_JWT_SECRET as unset","status":"passed","title":"treats an empty SUPABASE_JWT_SECRET as unset","duration":0.5088999999999828,"failureMessages":[],"meta":{},"tags":[]},{"ancestorTitles":["loadConfig"],"fullName":"loadConfig treats an empty SUPABASE_URL as unset","status":"passed","title":"treats an empty SUPABASE_URL as unset","duration":0.23780000000002133,"failureMessages":[],"meta":{},"tags":[]},{"ancestorTitles":["loadConfig"],"fullName":"loadConfig treats an empty SUPABASE_JWKS_URL as unset","status":"passed","title":"treats an empty SUPABASE_JWKS_URL as unset","duration":0.1821999999999946,"failureMessages":[],"meta":{},"tags":[]},{"ancestorTitles":["loadConfig"],"fullName":"loadConfig treats an empty DATABASE_MIGRATE_URL as unset","status":"passed","title":"treats an empty DATABASE_MIGRATE_URL as unset","duration":0.28580000000002315,"failureMessages":[],"meta":{},"tags":[]},{"ancestorTitles":["loadConfig"],"fullName":"loadConfig treats an empty SENTRY_DSN as unset","status":"passed","title":"treats an empty SENTRY_DSN as unset","duration":0.22100000000000364,"failureMessages":[],"meta":{},"tags":[]},{"ancestorTitles":["loadConfig"],"fullName":"loadConfig still rejects a value that is present and wrong","status":"passed","title":"still rejects a value that is present and wrong","duration":1.5394000000000005,"failureMessages":[],"meta":{},"tags":[]},{"ancestorTitles":["loadConfig"],"fullName":"loadConfig still rejects a missing required value","status":"passed","title":"still rejects a missing required value","duration":0.40289999999998827,"failureMessages":[],"meta":{},"tags":[]},{"ancestorTitles":["loadConfig"],"fullName":"loadConfig never puts a value in the error message","status":"passed","title":"never puts a value in the error message","duration":0.3643000000000143,"failureMessages":[],"meta":{},"tags":[]}],"startTime":1789416238303,"endTime":1789416238310.4028,"status":"passed","message":"","name":"C:/Github/ledger/packages/api/test/config.test.ts"},{"assertionResults":[{"ancestorTitles":["every email this system can send"],"fullName":"every email this system can send has a composer whose only input is a link","status":"passed","title":"has a composer whose only input is a link","duration":1.490000000000009,"failureMessages":[],"meta":{},"tags":[]},{"ancestorTitles":["every email this system can send"],"fullName":"every email this system can send names nobody and describes nothing","status":"passed","title":"names nobody and describes nothing","duration":0.8459999999999752,"failureMessages":[],"meta":{},"tags":[]},{"ancestorTitles":["every email this system can send"],"fullName":"every email this system can send carries no date, and no id that is not the link","status":"passed","title":"carries no date, and no id that is not the link","duration":0.5823000000000036,"failureMessages":[],"meta":{},"tags":[]},{"ancestorTitles":["every email this system can send"],"fullName":"every email this system can send contains the link, and exactly one URL","status":"passed","title":"contains the link, and exactly one URL","duration":0.70829999999998,"failureMessages":[],"meta":{},"tags":[]},{"ancestorTitles":["every email this system can send"],"fullName":"every email this system can send reads exactly as written, or somebody looks at it","status":"passed","title":"reads exactly as written, or somebody looks at it","duration":0.19079999999999586,"failureMessages":[],"meta":{},"tags":[]},{"ancestorTitles":["every email this system can send"],"fullName":"every email this system can send carries the crisis numbers","status":"passed","title":"carries the crisis numbers","duration":0.16079999999999472,"failureMessages":[],"meta":{},"tags":[]}],"startTime":1789416238582,"endTime":1789416238586.191,"status":"passed","message":"","name":"C:/Github/ledger/packages/api/test/phi-email.test.ts"}]}